{"/Users/xuduo/projects/misaka/trunk/push-server/config.js":{"path":"/Users/xuduo/projects/misaka/trunk/push-server/config.js","s":{"1":1,"2":1,"3":1,"4":1,"5":1,"6":1,"7":1,"8":20,"9":20,"10":20,"11":1,"12":1,"13":1,"14":1},"b":{"1":[20,20]},"f":{"1":20},"fnMap":{"1":{"name":"(anonymous_1)","line":32,"loc":{"start":{"line":32,"column":17},"end":{"line":32,"column":46}}}},"statementMap":{"1":{"start":{"line":1,"column":0},"end":{"line":1,"column":16}},"2":{"start":{"line":3,"column":0},"end":{"line":3,"column":27}},"3":{"start":{"line":4,"column":0},"end":{"line":4,"column":28}},"4":{"start":{"line":6,"column":0},"end":{"line":21,"column":2}},"5":{"start":{"line":23,"column":0},"end":{"line":26,"column":1}},"6":{"start":{"line":28,"column":0},"end":{"line":30,"column":1}},"7":{"start":{"line":32,"column":0},"end":{"line":36,"column":1}},"8":{"start":{"line":33,"column":4},"end":{"line":33,"column":70}},"9":{"start":{"line":34,"column":4},"end":{"line":34,"column":45}},"10":{"start":{"line":35,"column":4},"end":{"line":35,"column":16}},"11":{"start":{"line":39,"column":0},"end":{"line":61,"column":2}},"12":{"start":{"line":63,"column":0},"end":{"line":63,"column":23}},"13":{"start":{"line":64,"column":0},"end":{"line":64,"column":24}},"14":{"start":{"line":66,"column":0},"end":{"line":66,"column":24}}},"branchMap":{"1":{"line":33,"type":"binary-expr","locations":[{"start":{"line":33,"column":13},"end":{"line":33,"column":37}},{"start":{"line":33,"column":41},"end":{"line":33,"column":69}}]}}},"/Users/xuduo/projects/misaka/trunk/push-server/lib/stats/moving-sum.js":{"path":"/Users/xuduo/projects/misaka/trunk/push-server/lib/stats/moving-sum.js","s":{"1":1,"2":1,"3":11,"4":1,"5":55,"6":1,"7":6,"8":6,"9":6,"10":10,"11":6,"12":6,"13":6,"14":6,"15":32,"16":54,"17":10,"18":10,"19":6,"20":6,"21":5,"22":6},"b":{"1":[10,44],"2":[54,35],"3":[6,4],"4":[5,1]},"f":{"1":11,"2":55,"3":6,"4":10,"5":32,"6":54},"fnMap":{"1":{"name":"MovingSum","line":4,"loc":{"start":{"line":4,"column":0},"end":{"line":4,"column":21}}},"2":{"name":"(anonymous_2)","line":8,"loc":{"start":{"line":8,"column":27},"end":{"line":8,"column":48}}},"3":{"name":"(anonymous_3)","line":12,"loc":{"start":{"line":12,"column":26},"end":{"line":12,"column":47}}},"4":{"name":"(anonymous_4)","line":15,"loc":{"start":{"line":15,"column":22},"end":{"line":15,"column":38}}},"5":{"name":"(anonymous_5)","line":21,"loc":{"start":{"line":21,"column":24},"end":{"line":21,"column":53}}},"6":{"name":"(anonymous_6)","line":22,"loc":{"start":{"line":22,"column":23},"end":{"line":22,"column":50}}}},"statementMap":{"1":{"start":{"line":1,"column":0},"end":{"line":1,"column":27}},"2":{"start":{"line":4,"column":0},"end":{"line":6,"column":1}},"3":{"start":{"line":5,"column":4},"end":{"line":5,"column":21}},"4":{"start":{"line":8,"column":0},"end":{"line":10,"column":1}},"5":{"start":{"line":9,"column":4},"end":{"line":9,"column":32}},"6":{"start":{"line":12,"column":0},"end":{"line":35,"column":1}},"7":{"start":{"line":13,"column":4},"end":{"line":13,"column":20}},"8":{"start":{"line":14,"column":4},"end":{"line":14,"column":29}},"9":{"start":{"line":15,"column":4},"end":{"line":17,"column":7}},"10":{"start":{"line":16,"column":8},"end":{"line":16,"column":36}},"11":{"start":{"line":18,"column":4},"end":{"line":18,"column":17}},"12":{"start":{"line":19,"column":4},"end":{"line":19,"column":24}},"13":{"start":{"line":20,"column":4},"end":{"line":20,"column":41}},"14":{"start":{"line":21,"column":4},"end":{"line":30,"column":7}},"15":{"start":{"line":22,"column":8},"end":{"line":29,"column":11}},"16":{"start":{"line":23,"column":12},"end":{"line":28,"column":13}},"17":{"start":{"line":24,"column":16},"end":{"line":24,"column":57}},"18":{"start":{"line":25,"column":16},"end":{"line":27,"column":17}},"19":{"start":{"line":26,"column":20},"end":{"line":26,"column":45}},"20":{"start":{"line":31,"column":4},"end":{"line":33,"column":5}},"21":{"start":{"line":32,"column":8},"end":{"line":32,"column":66}},"22":{"start":{"line":34,"column":4},"end":{"line":34,"column":15}}},"branchMap":{"1":{"line":23,"type":"if","locations":[{"start":{"line":23,"column":12},"end":{"line":23,"column":12}},{"start":{"line":23,"column":12},"end":{"line":23,"column":12}}]},"2":{"line":23,"type":"binary-expr","locations":[{"start":{"line":23,"column":16},"end":{"line":23,"column":30}},{"start":{"line":23,"column":34},"end":{"line":23,"column":48}}]},"3":{"line":25,"type":"if","locations":[{"start":{"line":25,"column":16},"end":{"line":25,"column":16}},{"start":{"line":25,"column":16},"end":{"line":25,"column":16}}]},"4":{"line":31,"type":"if","locations":[{"start":{"line":31,"column":4},"end":{"line":31,"column":4}},{"start":{"line":31,"column":4},"end":{"line":31,"column":4}}]}}},"/Users/xuduo/projects/misaka/trunk/push-server/lib/redis/redisAdapter.js":{"path":"/Users/xuduo/projects/misaka/trunk/push-server/lib/redis/redisAdapter.js","s":{"1":1,"2":1,"3":1,"4":1,"5":1,"6":1,"7":1,"8":1,"9":17,"10":17,"11":17,"12":17,"13":17,"14":0,"15":0,"16":0,"17":17,"18":17,"19":17,"20":17,"21":17,"22":17,"23":0,"24":17,"25":0,"26":17,"27":1,"28":17,"29":17,"30":17,"31":17,"32":17,"33":17,"34":17,"35":0,"36":17,"37":17,"38":17,"39":23,"40":0,"41":23,"42":0,"43":23,"44":23,"45":23,"46":17,"47":6,"48":6,"49":0,"50":6,"51":0,"52":6,"53":6,"54":17,"55":113,"56":113,"57":107,"58":107,"59":107,"60":106,"61":106,"62":106,"63":1,"64":17,"65":62,"66":62,"67":62,"68":62,"69":62,"70":26,"71":36,"72":5,"73":5,"74":5,"75":5,"76":31,"77":31,"78":0,"79":0,"80":0,"81":0,"82":0,"83":31,"84":31,"85":17,"86":61,"87":61,"88":61,"89":61,"90":57,"91":57,"92":57,"93":0,"94":0,"95":0,"96":0,"97":57,"98":57,"99":4,"100":4,"101":17,"102":26,"103":26,"104":26,"105":26,"106":0,"107":0,"108":0,"109":26,"110":60,"111":26,"112":0,"113":0,"114":0,"115":0,"116":26,"117":26,"118":0,"119":17,"120":17,"121":17,"122":17,"123":17},"b":{"1":[17,17],"2":[17,0],"3":[0,17],"4":[17,17],"5":[17,17],"6":[17,17],"7":[0,17],"8":[0,17],"9":[0,17],"10":[0,23],"11":[23,19],"12":[0,23],"13":[17,6],"14":[0,6],"15":[6,6],"16":[0,6],"17":[6,6],"18":[107,6],"19":[106,1],"20":[62,5],"21":[26,36],"22":[5,31],"23":[5,0],"24":[0,31],"25":[0,0],"26":[31,0],"27":[57,4],"28":[61,61],"29":[0,57],"30":[0,0],"31":[57,0],"32":[4,0],"33":[0,26],"34":[0,0],"35":[0,26],"36":[0,0],"37":[0,26]},"f":{"1":17,"2":17,"3":17,"4":23,"5":113,"6":106,"7":62,"8":31,"9":61,"10":57,"11":26,"12":60,"13":26},"fnMap":{"1":{"name":"adapter","line":27,"loc":{"start":{"line":27,"column":0},"end":{"line":27,"column":35}}},"2":{"name":"Redis","line":64,"loc":{"start":{"line":64,"column":4},"end":{"line":64,"column":24}}},"3":{"name":"(anonymous_3)","line":73,"loc":{"start":{"line":73,"column":53},"end":{"line":73,"column":68}}},"4":{"name":"(anonymous_4)","line":91,"loc":{"start":{"line":91,"column":32},"end":{"line":91,"column":56}}},"5":{"name":"(anonymous_5)","line":132,"loc":{"start":{"line":132,"column":32},"end":{"line":132,"column":64}}},"6":{"name":"(anonymous_6)","line":138,"loc":{"start":{"line":138,"column":35},"end":{"line":138,"column":51}}},"7":{"name":"(anonymous_7)","line":157,"loc":{"start":{"line":157,"column":26},"end":{"line":157,"column":50}}},"8":{"name":"(anonymous_8)","line":170,"loc":{"start":{"line":170,"column":31},"end":{"line":170,"column":46}}},"9":{"name":"(anonymous_9)","line":190,"loc":{"start":{"line":190,"column":26},"end":{"line":190,"column":50}}},"10":{"name":"(anonymous_10)","line":198,"loc":{"start":{"line":198,"column":37},"end":{"line":198,"column":52}}},"11":{"name":"(anonymous_11)","line":219,"loc":{"start":{"line":219,"column":29},"end":{"line":219,"column":47}}},"12":{"name":"(anonymous_12)","line":229,"loc":{"start":{"line":229,"column":42},"end":{"line":229,"column":64}}},"13":{"name":"(anonymous_13)","line":231,"loc":{"start":{"line":231,"column":11},"end":{"line":231,"column":26}}}},"statementMap":{"1":{"start":{"line":5,"column":0},"end":{"line":5,"column":27}},"2":{"start":{"line":6,"column":0},"end":{"line":6,"column":42}},"3":{"start":{"line":7,"column":0},"end":{"line":7,"column":36}},"4":{"start":{"line":8,"column":0},"end":{"line":8,"column":43}},"5":{"start":{"line":9,"column":0},"end":{"line":9,"column":56}},"6":{"start":{"line":11,"column":0},"end":{"line":11,"column":29}},"7":{"start":{"line":17,"column":0},"end":{"line":17,"column":25}},"8":{"start":{"line":27,"column":0},"end":{"line":249,"column":1}},"9":{"start":{"line":28,"column":4},"end":{"line":28,"column":22}},"10":{"start":{"line":31,"column":4},"end":{"line":34,"column":5}},"11":{"start":{"line":32,"column":8},"end":{"line":32,"column":19}},"12":{"start":{"line":33,"column":8},"end":{"line":33,"column":19}},"13":{"start":{"line":37,"column":4},"end":{"line":41,"column":5}},"14":{"start":{"line":38,"column":8},"end":{"line":38,"column":29}},"15":{"start":{"line":39,"column":8},"end":{"line":39,"column":27}},"16":{"start":{"line":40,"column":8},"end":{"line":40,"column":27}},"17":{"start":{"line":44,"column":4},"end":{"line":44,"column":40}},"18":{"start":{"line":45,"column":4},"end":{"line":45,"column":41}},"19":{"start":{"line":46,"column":4},"end":{"line":46,"column":29}},"20":{"start":{"line":47,"column":4},"end":{"line":47,"column":29}},"21":{"start":{"line":48,"column":4},"end":{"line":48,"column":41}},"22":{"start":{"line":51,"column":4},"end":{"line":51,"column":38}},"23":{"start":{"line":51,"column":14},"end":{"line":51,"column":38}},"24":{"start":{"line":52,"column":4},"end":{"line":52,"column":62}},"25":{"start":{"line":52,"column":14},"end":{"line":52,"column":62}},"26":{"start":{"line":55,"column":4},"end":{"line":55,"column":22}},"27":{"start":{"line":64,"column":4},"end":{"line":77,"column":5}},"28":{"start":{"line":66,"column":8},"end":{"line":66,"column":32}},"29":{"start":{"line":68,"column":8},"end":{"line":68,"column":23}},"30":{"start":{"line":69,"column":8},"end":{"line":69,"column":29}},"31":{"start":{"line":70,"column":8},"end":{"line":70,"column":29}},"32":{"start":{"line":72,"column":8},"end":{"line":72,"column":24}},"33":{"start":{"line":73,"column":8},"end":{"line":75,"column":11}},"34":{"start":{"line":74,"column":12},"end":{"line":74,"column":45}},"35":{"start":{"line":74,"column":21},"end":{"line":74,"column":45}},"36":{"start":{"line":76,"column":8},"end":{"line":76,"column":53}},"37":{"start":{"line":83,"column":4},"end":{"line":83,"column":50}},"38":{"start":{"line":91,"column":4},"end":{"line":121,"column":6}},"39":{"start":{"line":93,"column":8},"end":{"line":95,"column":9}},"40":{"start":{"line":94,"column":12},"end":{"line":94,"column":19}},"41":{"start":{"line":97,"column":8},"end":{"line":99,"column":9}},"42":{"start":{"line":98,"column":12},"end":{"line":98,"column":58}},"43":{"start":{"line":101,"column":8},"end":{"line":101,"column":39}},"44":{"start":{"line":102,"column":8},"end":{"line":102,"column":19}},"45":{"start":{"line":104,"column":8},"end":{"line":106,"column":9}},"46":{"start":{"line":105,"column":12},"end":{"line":105,"column":20}},"47":{"start":{"line":108,"column":8},"end":{"line":108,"column":25}},"48":{"start":{"line":110,"column":8},"end":{"line":112,"column":9}},"49":{"start":{"line":111,"column":12},"end":{"line":111,"column":29}},"50":{"start":{"line":114,"column":8},"end":{"line":116,"column":9}},"51":{"start":{"line":115,"column":12},"end":{"line":115,"column":19}},"52":{"start":{"line":118,"column":8},"end":{"line":118,"column":24}},"53":{"start":{"line":120,"column":8},"end":{"line":120,"column":41}},"54":{"start":{"line":132,"column":4},"end":{"line":146,"column":6}},"55":{"start":{"line":133,"column":8},"end":{"line":133,"column":61}},"56":{"start":{"line":134,"column":8},"end":{"line":145,"column":9}},"57":{"start":{"line":135,"column":12},"end":{"line":135,"column":54}},"58":{"start":{"line":136,"column":12},"end":{"line":136,"column":58}},"59":{"start":{"line":137,"column":12},"end":{"line":144,"column":13}},"60":{"start":{"line":138,"column":16},"end":{"line":141,"column":19}},"61":{"start":{"line":139,"column":20},"end":{"line":139,"column":51}},"62":{"start":{"line":140,"column":20},"end":{"line":140,"column":46}},"63":{"start":{"line":143,"column":16},"end":{"line":143,"column":38}},"64":{"start":{"line":157,"column":4},"end":{"line":179,"column":6}},"65":{"start":{"line":158,"column":8},"end":{"line":158,"column":24}},"66":{"start":{"line":159,"column":8},"end":{"line":159,"column":78}},"67":{"start":{"line":160,"column":8},"end":{"line":160,"column":51}},"68":{"start":{"line":161,"column":8},"end":{"line":161,"column":70}},"69":{"start":{"line":162,"column":8},"end":{"line":164,"column":9}},"70":{"start":{"line":163,"column":12},"end":{"line":163,"column":19}},"71":{"start":{"line":165,"column":8},"end":{"line":169,"column":9}},"72":{"start":{"line":166,"column":12},"end":{"line":166,"column":63}},"73":{"start":{"line":167,"column":12},"end":{"line":167,"column":29}},"74":{"start":{"line":167,"column":20},"end":{"line":167,"column":29}},"75":{"start":{"line":168,"column":12},"end":{"line":168,"column":19}},"76":{"start":{"line":170,"column":8},"end":{"line":178,"column":11}},"77":{"start":{"line":171,"column":12},"end":{"line":176,"column":13}},"78":{"start":{"line":172,"column":16},"end":{"line":172,"column":60}},"79":{"start":{"line":173,"column":16},"end":{"line":173,"column":40}},"80":{"start":{"line":174,"column":16},"end":{"line":174,"column":32}},"81":{"start":{"line":174,"column":24},"end":{"line":174,"column":32}},"82":{"start":{"line":175,"column":16},"end":{"line":175,"column":23}},"83":{"start":{"line":177,"column":12},"end":{"line":177,"column":29}},"84":{"start":{"line":177,"column":20},"end":{"line":177,"column":29}},"85":{"start":{"line":190,"column":4},"end":{"line":209,"column":6}},"86":{"start":{"line":191,"column":8},"end":{"line":191,"column":24}},"87":{"start":{"line":192,"column":8},"end":{"line":192,"column":54}},"88":{"start":{"line":193,"column":8},"end":{"line":193,"column":51}},"89":{"start":{"line":195,"column":8},"end":{"line":208,"column":9}},"90":{"start":{"line":197,"column":12},"end":{"line":197,"column":74}},"91":{"start":{"line":198,"column":12},"end":{"line":205,"column":15}},"92":{"start":{"line":199,"column":16},"end":{"line":203,"column":17}},"93":{"start":{"line":200,"column":20},"end":{"line":200,"column":44}},"94":{"start":{"line":201,"column":20},"end":{"line":201,"column":36}},"95":{"start":{"line":201,"column":28},"end":{"line":201,"column":36}},"96":{"start":{"line":202,"column":20},"end":{"line":202,"column":27}},"97":{"start":{"line":204,"column":16},"end":{"line":204,"column":33}},"98":{"start":{"line":204,"column":24},"end":{"line":204,"column":33}},"99":{"start":{"line":207,"column":12},"end":{"line":207,"column":58}},"100":{"start":{"line":207,"column":20},"end":{"line":207,"column":58}},"101":{"start":{"line":219,"column":4},"end":{"line":240,"column":6}},"102":{"start":{"line":220,"column":8},"end":{"line":220,"column":55}},"103":{"start":{"line":221,"column":8},"end":{"line":221,"column":24}},"104":{"start":{"line":222,"column":8},"end":{"line":222,"column":34}},"105":{"start":{"line":224,"column":8},"end":{"line":227,"column":9}},"106":{"start":{"line":225,"column":12},"end":{"line":225,"column":58}},"107":{"start":{"line":225,"column":20},"end":{"line":225,"column":58}},"108":{"start":{"line":226,"column":12},"end":{"line":226,"column":19}},"109":{"start":{"line":229,"column":8},"end":{"line":239,"column":11}},"110":{"start":{"line":230,"column":12},"end":{"line":230,"column":37}},"111":{"start":{"line":232,"column":12},"end":{"line":236,"column":13}},"112":{"start":{"line":233,"column":16},"end":{"line":233,"column":40}},"113":{"start":{"line":234,"column":16},"end":{"line":234,"column":32}},"114":{"start":{"line":234,"column":24},"end":{"line":234,"column":32}},"115":{"start":{"line":235,"column":16},"end":{"line":235,"column":23}},"116":{"start":{"line":237,"column":12},"end":{"line":237,"column":33}},"117":{"start":{"line":238,"column":12},"end":{"line":238,"column":29}},"118":{"start":{"line":238,"column":20},"end":{"line":238,"column":29}},"119":{"start":{"line":242,"column":4},"end":{"line":242,"column":20}},"120":{"start":{"line":243,"column":4},"end":{"line":243,"column":26}},"121":{"start":{"line":244,"column":4},"end":{"line":244,"column":26}},"122":{"start":{"line":245,"column":4},"end":{"line":245,"column":26}},"123":{"start":{"line":247,"column":4},"end":{"line":247,"column":17}}},"branchMap":{"1":{"line":28,"type":"binary-expr","locations":[{"start":{"line":28,"column":11},"end":{"line":28,"column":15}},{"start":{"line":28,"column":19},"end":{"line":28,"column":21}}]},"2":{"line":31,"type":"if","locations":[{"start":{"line":31,"column":4},"end":{"line":31,"column":4}},{"start":{"line":31,"column":4},"end":{"line":31,"column":4}}]},"3":{"line":37,"type":"if","locations":[{"start":{"line":37,"column":4},"end":{"line":37,"column":4}},{"start":{"line":37,"column":4},"end":{"line":37,"column":4}}]},"4":{"line":44,"type":"binary-expr","locations":[{"start":{"line":44,"column":15},"end":{"line":44,"column":24}},{"start":{"line":44,"column":28},"end":{"line":44,"column":39}}]},"5":{"line":45,"type":"binary-expr","locations":[{"start":{"line":45,"column":22},"end":{"line":45,"column":31}},{"start":{"line":45,"column":35},"end":{"line":45,"column":39}}]},"6":{"line":48,"type":"binary-expr","locations":[{"start":{"line":48,"column":17},"end":{"line":48,"column":25}},{"start":{"line":48,"column":29},"end":{"line":48,"column":40}}]},"7":{"line":51,"type":"if","locations":[{"start":{"line":51,"column":4},"end":{"line":51,"column":4}},{"start":{"line":51,"column":4},"end":{"line":51,"column":4}}]},"8":{"line":52,"type":"if","locations":[{"start":{"line":52,"column":4},"end":{"line":52,"column":4}},{"start":{"line":52,"column":4},"end":{"line":52,"column":4}}]},"9":{"line":74,"type":"if","locations":[{"start":{"line":74,"column":12},"end":{"line":74,"column":12}},{"start":{"line":74,"column":12},"end":{"line":74,"column":12}}]},"10":{"line":93,"type":"if","locations":[{"start":{"line":93,"column":8},"end":{"line":93,"column":8}},{"start":{"line":93,"column":8},"end":{"line":93,"column":8}}]},"11":{"line":93,"type":"binary-expr","locations":[{"start":{"line":93,"column":12},"end":{"line":93,"column":17}},{"start":{"line":93,"column":21},"end":{"line":93,"column":39}}]},"12":{"line":97,"type":"if","locations":[{"start":{"line":97,"column":8},"end":{"line":97,"column":8}},{"start":{"line":97,"column":8},"end":{"line":97,"column":8}}]},"13":{"line":104,"type":"if","locations":[{"start":{"line":104,"column":8},"end":{"line":104,"column":8}},{"start":{"line":104,"column":8},"end":{"line":104,"column":8}}]},"14":{"line":110,"type":"if","locations":[{"start":{"line":110,"column":8},"end":{"line":110,"column":8}},{"start":{"line":110,"column":8},"end":{"line":110,"column":8}}]},"15":{"line":110,"type":"binary-expr","locations":[{"start":{"line":110,"column":12},"end":{"line":110,"column":18}},{"start":{"line":110,"column":22},"end":{"line":110,"column":46}}]},"16":{"line":114,"type":"if","locations":[{"start":{"line":114,"column":8},"end":{"line":114,"column":8}},{"start":{"line":114,"column":8},"end":{"line":114,"column":8}}]},"17":{"line":114,"type":"binary-expr","locations":[{"start":{"line":114,"column":12},"end":{"line":114,"column":19}},{"start":{"line":114,"column":23},"end":{"line":114,"column":50}}]},"18":{"line":134,"type":"if","locations":[{"start":{"line":134,"column":8},"end":{"line":134,"column":8}},{"start":{"line":134,"column":8},"end":{"line":134,"column":8}}]},"19":{"line":137,"type":"if","locations":[{"start":{"line":137,"column":12},"end":{"line":137,"column":12}},{"start":{"line":137,"column":12},"end":{"line":137,"column":12}}]},"20":{"line":159,"type":"binary-expr","locations":[{"start":{"line":159,"column":27},"end":{"line":159,"column":58}},{"start":{"line":159,"column":62},"end":{"line":159,"column":78}}]},"21":{"line":162,"type":"if","locations":[{"start":{"line":162,"column":8},"end":{"line":162,"column":8}},{"start":{"line":162,"column":8},"end":{"line":162,"column":8}}]},"22":{"line":165,"type":"if","locations":[{"start":{"line":165,"column":8},"end":{"line":165,"column":8}},{"start":{"line":165,"column":8},"end":{"line":165,"column":8}}]},"23":{"line":167,"type":"if","locations":[{"start":{"line":167,"column":12},"end":{"line":167,"column":12}},{"start":{"line":167,"column":12},"end":{"line":167,"column":12}}]},"24":{"line":171,"type":"if","locations":[{"start":{"line":171,"column":12},"end":{"line":171,"column":12}},{"start":{"line":171,"column":12},"end":{"line":171,"column":12}}]},"25":{"line":174,"type":"if","locations":[{"start":{"line":174,"column":16},"end":{"line":174,"column":16}},{"start":{"line":174,"column":16},"end":{"line":174,"column":16}}]},"26":{"line":177,"type":"if","locations":[{"start":{"line":177,"column":12},"end":{"line":177,"column":12}},{"start":{"line":177,"column":12},"end":{"line":177,"column":12}}]},"27":{"line":195,"type":"if","locations":[{"start":{"line":195,"column":8},"end":{"line":195,"column":8}},{"start":{"line":195,"column":8},"end":{"line":195,"column":8}}]},"28":{"line":195,"type":"binary-expr","locations":[{"start":{"line":195,"column":12},"end":{"line":195,"column":19}},{"start":{"line":195,"column":23},"end":{"line":195,"column":40}}]},"29":{"line":199,"type":"if","locations":[{"start":{"line":199,"column":16},"end":{"line":199,"column":16}},{"start":{"line":199,"column":16},"end":{"line":199,"column":16}}]},"30":{"line":201,"type":"if","locations":[{"start":{"line":201,"column":20},"end":{"line":201,"column":20}},{"start":{"line":201,"column":20},"end":{"line":201,"column":20}}]},"31":{"line":204,"type":"if","locations":[{"start":{"line":204,"column":16},"end":{"line":204,"column":16}},{"start":{"line":204,"column":16},"end":{"line":204,"column":16}}]},"32":{"line":207,"type":"if","locations":[{"start":{"line":207,"column":12},"end":{"line":207,"column":12}},{"start":{"line":207,"column":12},"end":{"line":207,"column":12}}]},"33":{"line":224,"type":"if","locations":[{"start":{"line":224,"column":8},"end":{"line":224,"column":8}},{"start":{"line":224,"column":8},"end":{"line":224,"column":8}}]},"34":{"line":225,"type":"if","locations":[{"start":{"line":225,"column":12},"end":{"line":225,"column":12}},{"start":{"line":225,"column":12},"end":{"line":225,"column":12}}]},"35":{"line":232,"type":"if","locations":[{"start":{"line":232,"column":12},"end":{"line":232,"column":12}},{"start":{"line":232,"column":12},"end":{"line":232,"column":12}}]},"36":{"line":234,"type":"if","locations":[{"start":{"line":234,"column":16},"end":{"line":234,"column":16}},{"start":{"line":234,"column":16},"end":{"line":234,"column":16}}]},"37":{"line":238,"type":"if","locations":[{"start":{"line":238,"column":12},"end":{"line":238,"column":12}},{"start":{"line":238,"column":12},"end":{"line":238,"column":12}}]}}},"/Users/xuduo/projects/misaka/trunk/push-server/lib/log/index.js":{"path":"/Users/xuduo/projects/misaka/trunk/push-server/lib/log/index.js","s":{"1":1,"2":1,"3":1,"4":1,"5":1,"6":1,"7":682,"8":1,"9":1,"10":1,"11":1,"12":1,"13":1,"14":1,"15":0,"16":1,"17":0,"18":0,"19":1,"20":1,"21":1,"22":0,"23":0,"24":0,"25":1,"26":1364,"27":1,"28":1,"29":1,"30":1,"31":1,"32":1,"33":1,"34":1,"35":1,"36":1,"37":1,"38":1,"39":1,"40":1,"41":16,"42":16,"43":1,"44":1,"45":4,"46":340,"47":340,"48":340,"49":340,"50":340,"51":1,"52":1,"53":16,"54":16,"55":1,"56":16,"57":0,"58":0,"59":0,"60":1},"b":{"1":[682,0],"2":[1,0],"3":[1,0],"4":[0,1],"5":[0,1],"6":[0,0],"7":[1,0],"8":[0,0],"9":[1,0],"10":[340,0],"11":[16,0],"12":[1,15],"13":[0,0]},"f":{"1":682,"2":1,"3":1364,"4":16,"5":4,"6":340,"7":16},"fnMap":{"1":{"name":"(anonymous_1)","line":7,"loc":{"start":{"line":7,"column":16},"end":{"line":7,"column":35}}},"2":{"name":"setArgs","line":13,"loc":{"start":{"line":13,"column":0},"end":{"line":13,"column":23}}},"3":{"name":"(anonymous_3)","line":47,"loc":{"start":{"line":47,"column":19},"end":{"line":47,"column":31}}},"4":{"name":"(anonymous_4)","line":74,"loc":{"start":{"line":74,"column":15},"end":{"line":74,"column":38}}},"5":{"name":"(anonymous_5)","line":81,"loc":{"start":{"line":81,"column":46},"end":{"line":81,"column":65}}},"6":{"name":"(anonymous_6)","line":83,"loc":{"start":{"line":83,"column":34},"end":{"line":83,"column":64}}},"7":{"name":"Logger","line":100,"loc":{"start":{"line":100,"column":13},"end":{"line":100,"column":34}}}},"statementMap":{"1":{"start":{"line":1,"column":0},"end":{"line":1,"column":43}},"2":{"start":{"line":2,"column":0},"end":{"line":2,"column":23}},"3":{"start":{"line":4,"column":0},"end":{"line":4,"column":16}},"4":{"start":{"line":5,"column":0},"end":{"line":5,"column":17}},"5":{"start":{"line":6,"column":0},"end":{"line":6,"column":20}},"6":{"start":{"line":7,"column":0},"end":{"line":9,"column":1}},"7":{"start":{"line":8,"column":4},"end":{"line":8,"column":173}},"8":{"start":{"line":11,"column":0},"end":{"line":11,"column":11}},"9":{"start":{"line":13,"column":0},"end":{"line":72,"column":1}},"10":{"start":{"line":14,"column":4},"end":{"line":16,"column":5}},"11":{"start":{"line":15,"column":8},"end":{"line":15,"column":31}},"12":{"start":{"line":17,"column":4},"end":{"line":19,"column":5}},"13":{"start":{"line":18,"column":8},"end":{"line":18,"column":23}},"14":{"start":{"line":20,"column":4},"end":{"line":22,"column":5}},"15":{"start":{"line":21,"column":8},"end":{"line":21,"column":26}},"16":{"start":{"line":24,"column":4},"end":{"line":28,"column":5}},"17":{"start":{"line":25,"column":8},"end":{"line":27,"column":9}},"18":{"start":{"line":26,"column":12},"end":{"line":26,"column":38}},"19":{"start":{"line":30,"column":4},"end":{"line":30,"column":14}},"20":{"start":{"line":31,"column":4},"end":{"line":37,"column":5}},"21":{"start":{"line":32,"column":8},"end":{"line":32,"column":24}},"22":{"start":{"line":33,"column":11},"end":{"line":37,"column":5}},"23":{"start":{"line":34,"column":8},"end":{"line":34,"column":26}},"24":{"start":{"line":36,"column":8},"end":{"line":36,"column":23}},"25":{"start":{"line":39,"column":4},"end":{"line":51,"column":6}},"26":{"start":{"line":48,"column":12},"end":{"line":48,"column":47}},"27":{"start":{"line":53,"column":4},"end":{"line":53,"column":68}},"28":{"start":{"line":55,"column":4},"end":{"line":55,"column":22}},"29":{"start":{"line":56,"column":4},"end":{"line":56,"column":23}},"30":{"start":{"line":57,"column":4},"end":{"line":57,"column":44}},"31":{"start":{"line":58,"column":4},"end":{"line":58,"column":67}},"32":{"start":{"line":60,"column":4},"end":{"line":67,"column":5}},"33":{"start":{"line":61,"column":8},"end":{"line":61,"column":30}},"34":{"start":{"line":62,"column":8},"end":{"line":62,"column":31}},"35":{"start":{"line":63,"column":8},"end":{"line":63,"column":29}},"36":{"start":{"line":64,"column":8},"end":{"line":64,"column":32}},"37":{"start":{"line":65,"column":8},"end":{"line":65,"column":27}},"38":{"start":{"line":66,"column":8},"end":{"line":66,"column":64}},"39":{"start":{"line":69,"column":4},"end":{"line":71,"column":7}},"40":{"start":{"line":74,"column":0},"end":{"line":77,"column":2}},"41":{"start":{"line":75,"column":4},"end":{"line":75,"column":25}},"42":{"start":{"line":76,"column":4},"end":{"line":76,"column":19}},"43":{"start":{"line":79,"column":0},"end":{"line":79,"column":14}},"44":{"start":{"line":81,"column":0},"end":{"line":92,"column":3}},"45":{"start":{"line":83,"column":4},"end":{"line":90,"column":5}},"46":{"start":{"line":84,"column":8},"end":{"line":89,"column":9}},"47":{"start":{"line":85,"column":12},"end":{"line":85,"column":57}},"48":{"start":{"line":86,"column":12},"end":{"line":86,"column":70}},"49":{"start":{"line":87,"column":12},"end":{"line":87,"column":37}},"50":{"start":{"line":88,"column":12},"end":{"line":88,"column":60}},"51":{"start":{"line":94,"column":0},"end":{"line":99,"column":1}},"52":{"start":{"line":100,"column":0},"end":{"line":111,"column":2}},"53":{"start":{"line":101,"column":4},"end":{"line":110,"column":5}},"54":{"start":{"line":102,"column":8},"end":{"line":104,"column":9}},"55":{"start":{"line":103,"column":12},"end":{"line":103,"column":32}},"56":{"start":{"line":105,"column":8},"end":{"line":105,"column":41}},"57":{"start":{"line":106,"column":11},"end":{"line":110,"column":5}},"58":{"start":{"line":107,"column":8},"end":{"line":107,"column":21}},"59":{"start":{"line":109,"column":8},"end":{"line":109,"column":29}},"60":{"start":{"line":113,"column":0},"end":{"line":113,"column":24}}},"branchMap":{"1":{"line":8,"type":"cond-expr","locations":[{"start":{"line":8,"column":151},"end":{"line":8,"column":166}},{"start":{"line":8,"column":169},"end":{"line":8,"column":171}}]},"2":{"line":14,"type":"if","locations":[{"start":{"line":14,"column":4},"end":{"line":14,"column":4}},{"start":{"line":14,"column":4},"end":{"line":14,"column":4}}]},"3":{"line":17,"type":"if","locations":[{"start":{"line":17,"column":4},"end":{"line":17,"column":4}},{"start":{"line":17,"column":4},"end":{"line":17,"column":4}}]},"4":{"line":20,"type":"if","locations":[{"start":{"line":20,"column":4},"end":{"line":20,"column":4}},{"start":{"line":20,"column":4},"end":{"line":20,"column":4}}]},"5":{"line":24,"type":"if","locations":[{"start":{"line":24,"column":4},"end":{"line":24,"column":4}},{"start":{"line":24,"column":4},"end":{"line":24,"column":4}}]},"6":{"line":25,"type":"if","locations":[{"start":{"line":25,"column":8},"end":{"line":25,"column":8}},{"start":{"line":25,"column":8},"end":{"line":25,"column":8}}]},"7":{"line":31,"type":"if","locations":[{"start":{"line":31,"column":4},"end":{"line":31,"column":4}},{"start":{"line":31,"column":4},"end":{"line":31,"column":4}}]},"8":{"line":33,"type":"if","locations":[{"start":{"line":33,"column":11},"end":{"line":33,"column":11}},{"start":{"line":33,"column":11},"end":{"line":33,"column":11}}]},"9":{"line":60,"type":"if","locations":[{"start":{"line":60,"column":4},"end":{"line":60,"column":4}},{"start":{"line":60,"column":4},"end":{"line":60,"column":4}}]},"10":{"line":84,"type":"if","locations":[{"start":{"line":84,"column":8},"end":{"line":84,"column":8}},{"start":{"line":84,"column":8},"end":{"line":84,"column":8}}]},"11":{"line":101,"type":"if","locations":[{"start":{"line":101,"column":4},"end":{"line":101,"column":4}},{"start":{"line":101,"column":4},"end":{"line":101,"column":4}}]},"12":{"line":102,"type":"if","locations":[{"start":{"line":102,"column":8},"end":{"line":102,"column":8}},{"start":{"line":102,"column":8},"end":{"line":102,"column":8}}]},"13":{"line":106,"type":"if","locations":[{"start":{"line":106,"column":11},"end":{"line":106,"column":11}},{"start":{"line":106,"column":11},"end":{"line":106,"column":11}}]}}},"/Users/xuduo/projects/misaka/trunk/push-server/lib/stats/topicOnline.js":{"path":"/Users/xuduo/projects/misaka/trunk/push-server/lib/stats/topicOnline.js","s":{"1":1,"2":1,"3":1,"4":4,"5":0,"6":4,"7":6,"8":2,"9":2,"10":1,"11":4,"12":2,"13":2,"14":2,"15":2,"16":2,"17":2,"18":2,"19":2,"20":2,"21":0,"22":0,"23":0,"24":0,"25":0,"26":0,"27":1,"28":2,"29":2,"30":4,"31":2,"32":2,"33":1,"34":4,"35":4,"36":4,"37":4,"38":2,"39":2,"40":4,"41":4,"42":2,"43":2,"44":2,"45":1,"46":4,"47":4},"b":{"1":[0,4],"2":[4,4],"3":[2,4],"4":[2,2],"5":[0,0],"6":[0,0],"7":[2,2],"8":[4,4],"9":[2,2],"10":[2,2],"11":[1,1]},"f":{"1":4,"2":4,"3":0,"4":2,"5":4,"6":4},"fnMap":{"1":{"name":"filterTopic","line":5,"loc":{"start":{"line":5,"column":0},"end":{"line":5,"column":41}}},"2":{"name":"topicOnline","line":17,"loc":{"start":{"line":17,"column":0},"end":{"line":17,"column":50}}},"3":{"name":"(anonymous_3)","line":26,"loc":{"start":{"line":26,"column":16},"end":{"line":26,"column":28}}},"4":{"name":"(anonymous_4)","line":38,"loc":{"start":{"line":38,"column":41},"end":{"line":38,"column":57}}},"5":{"name":"(anonymous_5)","line":48,"loc":{"start":{"line":48,"column":39},"end":{"line":48,"column":66}}},"6":{"name":"(anonymous_6)","line":51,"loc":{"start":{"line":51,"column":53},"end":{"line":51,"column":76}}}},"statementMap":{"1":{"start":{"line":1,"column":0},"end":{"line":1,"column":29}},"2":{"start":{"line":3,"column":0},"end":{"line":3,"column":55}},"3":{"start":{"line":5,"column":0},"end":{"line":15,"column":1}},"4":{"start":{"line":6,"column":4},"end":{"line":8,"column":5}},"5":{"start":{"line":7,"column":8},"end":{"line":7,"column":21}},"6":{"start":{"line":9,"column":4},"end":{"line":13,"column":5}},"7":{"start":{"line":10,"column":8},"end":{"line":12,"column":9}},"8":{"start":{"line":11,"column":12},"end":{"line":11,"column":24}},"9":{"start":{"line":14,"column":4},"end":{"line":14,"column":17}},"10":{"start":{"line":17,"column":0},"end":{"line":36,"column":1}},"11":{"start":{"line":18,"column":4},"end":{"line":18,"column":92}},"12":{"start":{"line":18,"column":40},"end":{"line":18,"column":92}},"13":{"start":{"line":19,"column":4},"end":{"line":19,"column":23}},"14":{"start":{"line":20,"column":4},"end":{"line":20,"column":17}},"15":{"start":{"line":21,"column":4},"end":{"line":21,"column":17}},"16":{"start":{"line":22,"column":4},"end":{"line":22,"column":32}},"17":{"start":{"line":23,"column":4},"end":{"line":23,"column":26}},"18":{"start":{"line":24,"column":4},"end":{"line":24,"column":33}},"19":{"start":{"line":25,"column":4},"end":{"line":25,"column":20}},"20":{"start":{"line":26,"column":4},"end":{"line":35,"column":22}},"21":{"start":{"line":27,"column":8},"end":{"line":27,"column":53}},"22":{"start":{"line":28,"column":8},"end":{"line":34,"column":9}},"23":{"start":{"line":29,"column":12},"end":{"line":33,"column":13}},"24":{"start":{"line":30,"column":16},"end":{"line":30,"column":74}},"25":{"start":{"line":31,"column":16},"end":{"line":31,"column":69}},"26":{"start":{"line":32,"column":16},"end":{"line":32,"column":91}},"27":{"start":{"line":38,"column":0},"end":{"line":46,"column":1}},"28":{"start":{"line":39,"column":4},"end":{"line":39,"column":20}},"29":{"start":{"line":40,"column":4},"end":{"line":45,"column":5}},"30":{"start":{"line":41,"column":8},"end":{"line":44,"column":9}},"31":{"start":{"line":42,"column":12},"end":{"line":42,"column":68}},"32":{"start":{"line":43,"column":12},"end":{"line":43,"column":87}},"33":{"start":{"line":48,"column":0},"end":{"line":69,"column":1}},"34":{"start":{"line":49,"column":4},"end":{"line":49,"column":18}},"35":{"start":{"line":50,"column":4},"end":{"line":50,"column":20}},"36":{"start":{"line":51,"column":4},"end":{"line":68,"column":7}},"37":{"start":{"line":52,"column":8},"end":{"line":65,"column":9}},"38":{"start":{"line":53,"column":12},"end":{"line":53,"column":28}},"39":{"start":{"line":54,"column":12},"end":{"line":61,"column":13}},"40":{"start":{"line":55,"column":16},"end":{"line":55,"column":51}},"41":{"start":{"line":56,"column":16},"end":{"line":60,"column":17}},"42":{"start":{"line":57,"column":20},"end":{"line":57,"column":37}},"43":{"start":{"line":59,"column":20},"end":{"line":59,"column":48}},"44":{"start":{"line":62,"column":12},"end":{"line":64,"column":13}},"45":{"start":{"line":63,"column":16},"end":{"line":63,"column":70}},"46":{"start":{"line":66,"column":8},"end":{"line":66,"column":47}},"47":{"start":{"line":67,"column":8},"end":{"line":67,"column":24}}},"branchMap":{"1":{"line":6,"type":"if","locations":[{"start":{"line":6,"column":4},"end":{"line":6,"column":4}},{"start":{"line":6,"column":4},"end":{"line":6,"column":4}}]},"2":{"line":6,"type":"binary-expr","locations":[{"start":{"line":6,"column":8},"end":{"line":6,"column":20}},{"start":{"line":6,"column":24},"end":{"line":6,"column":30}}]},"3":{"line":10,"type":"if","locations":[{"start":{"line":10,"column":8},"end":{"line":10,"column":8}},{"start":{"line":10,"column":8},"end":{"line":10,"column":8}}]},"4":{"line":18,"type":"if","locations":[{"start":{"line":18,"column":4},"end":{"line":18,"column":4}},{"start":{"line":18,"column":4},"end":{"line":18,"column":4}}]},"5":{"line":29,"type":"if","locations":[{"start":{"line":29,"column":12},"end":{"line":29,"column":12}},{"start":{"line":29,"column":12},"end":{"line":29,"column":12}}]},"6":{"line":29,"type":"binary-expr","locations":[{"start":{"line":29,"column":16},"end":{"line":29,"column":38}},{"start":{"line":29,"column":42},"end":{"line":29,"column":72}}]},"7":{"line":41,"type":"if","locations":[{"start":{"line":41,"column":8},"end":{"line":41,"column":8}},{"start":{"line":41,"column":8},"end":{"line":41,"column":8}}]},"8":{"line":41,"type":"binary-expr","locations":[{"start":{"line":41,"column":12},"end":{"line":41,"column":32}},{"start":{"line":41,"column":36},"end":{"line":41,"column":66}}]},"9":{"line":52,"type":"if","locations":[{"start":{"line":52,"column":8},"end":{"line":52,"column":8}},{"start":{"line":52,"column":8},"end":{"line":52,"column":8}}]},"10":{"line":56,"type":"if","locations":[{"start":{"line":56,"column":16},"end":{"line":56,"column":16}},{"start":{"line":56,"column":16},"end":{"line":56,"column":16}}]},"11":{"line":62,"type":"if","locations":[{"start":{"line":62,"column":12},"end":{"line":62,"column":12}},{"start":{"line":62,"column":12},"end":{"line":62,"column":12}}]}}},"/Users/xuduo/projects/misaka/trunk/push-server/lib/push-server.js":{"path":"/Users/xuduo/projects/misaka/trunk/push-server/lib/push-server.js","s":{"1":1,"2":1,"3":14,"4":7,"5":7,"6":7,"7":7,"8":7,"9":7,"10":7,"11":7,"12":7,"13":7,"14":7,"15":7,"16":7,"17":7,"18":7,"19":7,"20":7,"21":7,"22":7,"23":7,"24":7,"25":7,"26":0,"27":7,"28":5,"29":5,"30":5,"31":5,"32":5,"33":5,"34":5,"35":5,"36":5,"37":5,"38":5,"39":5,"40":1,"41":7,"42":7,"43":5},"b":{"1":[7,7],"2":[7,7],"3":[0,7],"4":[5,2],"5":[5,0],"6":[5,0],"7":[5,0],"8":[5,2]},"f":{"1":14,"2":7},"fnMap":{"1":{"name":"PushServer","line":3,"loc":{"start":{"line":3,"column":0},"end":{"line":3,"column":28}}},"2":{"name":"(anonymous_2)","line":54,"loc":{"start":{"line":54,"column":29},"end":{"line":54,"column":41}}}},"statementMap":{"1":{"start":{"line":1,"column":0},"end":{"line":1,"column":28}},"2":{"start":{"line":3,"column":0},"end":{"line":52,"column":1}},"3":{"start":{"line":4,"column":4},"end":{"line":4,"column":69}},"4":{"start":{"line":4,"column":39},"end":{"line":4,"column":69}},"5":{"start":{"line":5,"column":4},"end":{"line":5,"column":52}},"6":{"start":{"line":6,"column":4},"end":{"line":6,"column":40}},"7":{"start":{"line":7,"column":4},"end":{"line":7,"column":50}},"8":{"start":{"line":8,"column":4},"end":{"line":8,"column":47}},"9":{"start":{"line":9,"column":4},"end":{"line":9,"column":49}},"10":{"start":{"line":11,"column":4},"end":{"line":11,"column":77}},"11":{"start":{"line":13,"column":4},"end":{"line":17,"column":7}},"12":{"start":{"line":18,"column":4},"end":{"line":18,"column":50}},"13":{"start":{"line":19,"column":4},"end":{"line":19,"column":44}},"14":{"start":{"line":20,"column":4},"end":{"line":20,"column":43}},"15":{"start":{"line":21,"column":4},"end":{"line":21,"column":114}},"16":{"start":{"line":22,"column":4},"end":{"line":22,"column":35}},"17":{"start":{"line":23,"column":4},"end":{"line":23,"column":80}},"18":{"start":{"line":25,"column":4},"end":{"line":25,"column":59}},"19":{"start":{"line":26,"column":4},"end":{"line":26,"column":65}},"20":{"start":{"line":27,"column":4},"end":{"line":27,"column":108}},"21":{"start":{"line":28,"column":4},"end":{"line":28,"column":131}},"22":{"start":{"line":29,"column":4},"end":{"line":29,"column":65}},"23":{"start":{"line":30,"column":4},"end":{"line":30,"column":117}},"24":{"start":{"line":31,"column":4},"end":{"line":31,"column":20}},"25":{"start":{"line":32,"column":4},"end":{"line":34,"column":5}},"26":{"start":{"line":33,"column":8},"end":{"line":33,"column":110}},"27":{"start":{"line":35,"column":4},"end":{"line":51,"column":5}},"28":{"start":{"line":36,"column":8},"end":{"line":36,"column":84}},"29":{"start":{"line":37,"column":8},"end":{"line":37,"column":62}},"30":{"start":{"line":38,"column":8},"end":{"line":41,"column":9}},"31":{"start":{"line":39,"column":12},"end":{"line":39,"column":119}},"32":{"start":{"line":40,"column":12},"end":{"line":40,"column":52}},"33":{"start":{"line":42,"column":8},"end":{"line":45,"column":9}},"34":{"start":{"line":43,"column":12},"end":{"line":43,"column":87}},"35":{"start":{"line":44,"column":12},"end":{"line":44,"column":56}},"36":{"start":{"line":46,"column":8},"end":{"line":49,"column":9}},"37":{"start":{"line":47,"column":12},"end":{"line":47,"column":87}},"38":{"start":{"line":48,"column":12},"end":{"line":48,"column":56}},"39":{"start":{"line":50,"column":8},"end":{"line":50,"column":183}},"40":{"start":{"line":54,"column":0},"end":{"line":59,"column":2}},"41":{"start":{"line":55,"column":4},"end":{"line":55,"column":20}},"42":{"start":{"line":56,"column":4},"end":{"line":58,"column":5}},"43":{"start":{"line":57,"column":8},"end":{"line":57,"column":29}}},"branchMap":{"1":{"line":4,"type":"if","locations":[{"start":{"line":4,"column":4},"end":{"line":4,"column":4}},{"start":{"line":4,"column":4},"end":{"line":4,"column":4}}]},"2":{"line":6,"type":"binary-expr","locations":[{"start":{"line":6,"column":19},"end":{"line":6,"column":34}},{"start":{"line":6,"column":38},"end":{"line":6,"column":39}}]},"3":{"line":32,"type":"if","locations":[{"start":{"line":32,"column":4},"end":{"line":32,"column":4}},{"start":{"line":32,"column":4},"end":{"line":32,"column":4}}]},"4":{"line":35,"type":"if","locations":[{"start":{"line":35,"column":4},"end":{"line":35,"column":4}},{"start":{"line":35,"column":4},"end":{"line":35,"column":4}}]},"5":{"line":38,"type":"if","locations":[{"start":{"line":38,"column":8},"end":{"line":38,"column":8}},{"start":{"line":38,"column":8},"end":{"line":38,"column":8}}]},"6":{"line":42,"type":"if","locations":[{"start":{"line":42,"column":8},"end":{"line":42,"column":8}},{"start":{"line":42,"column":8},"end":{"line":42,"column":8}}]},"7":{"line":46,"type":"if","locations":[{"start":{"line":46,"column":8},"end":{"line":46,"column":8}},{"start":{"line":46,"column":8},"end":{"line":46,"column":8}}]},"8":{"line":56,"type":"if","locations":[{"start":{"line":56,"column":4},"end":{"line":56,"column":4}},{"start":{"line":56,"column":4},"end":{"line":56,"column":4}}]}}},"/Users/xuduo/projects/misaka/trunk/push-server/lib/redis/simpleRedisHashCluster.js":{"path":"/Users/xuduo/projects/misaka/trunk/push-server/lib/redis/simpleRedisHashCluster.js","s":{"1":1,"2":1,"3":1,"4":1,"5":1,"6":1,"7":1,"8":1,"9":16,"10":8,"11":8,"12":8,"13":8,"14":8,"15":8,"16":0,"17":0,"18":8,"19":8,"20":8,"21":8,"22":8,"23":8,"24":0,"25":0,"26":8,"27":8,"28":8,"29":8,"30":8,"31":8,"32":0,"33":0,"34":1,"35":0,"36":0,"37":0,"38":0,"39":0,"40":0,"41":0,"42":0,"43":0,"44":0,"45":0,"46":0,"47":0,"48":0,"49":0,"50":0,"51":1,"52":40,"53":40,"54":40,"55":40,"56":0,"57":0,"58":40,"59":0,"60":40,"61":8,"62":19,"63":38,"64":38,"65":0,"66":40,"67":40,"68":1,"69":172,"70":81,"71":81,"72":1,"73":1,"74":130,"75":26,"76":26,"77":104,"78":104,"79":104,"80":104,"81":1,"82":2,"83":84,"84":84,"85":1,"86":5,"87":79,"88":79,"89":1,"90":374,"91":0,"92":0,"93":374,"94":1,"95":0,"96":0,"97":1,"98":14,"99":14,"100":0,"101":0,"102":0,"103":1,"104":0,"105":0,"106":0,"107":0,"108":0,"109":0,"110":0,"111":0,"112":1,"113":374,"114":374,"115":755,"116":374},"b":{"1":[8,8],"2":[0,8],"3":[8,0],"4":[8,0],"5":[8,0],"6":[8,0],"7":[0,0],"8":[0,0],"9":[40,0],"10":[8,32],"11":[26,104],"12":[0,374],"13":[14,0],"14":[0,0],"15":[0,0]},"f":{"1":16,"2":8,"3":0,"4":0,"5":0,"6":0,"7":0,"8":0,"9":40,"10":40,"11":0,"12":0,"13":19,"14":38,"15":172,"16":81,"17":1,"18":130,"19":104,"20":2,"21":84,"22":5,"23":79,"24":374,"25":0,"26":14,"27":0,"28":0,"29":0,"30":0,"31":374},"fnMap":{"1":{"name":"SimpleRedisHashCluster","line":11,"loc":{"start":{"line":11,"column":0},"end":{"line":11,"column":40}}},"2":{"name":"(anonymous_2)","line":36,"loc":{"start":{"line":36,"column":28},"end":{"line":36,"column":43}}},"3":{"name":"getClientsFromSentinel","line":48,"loc":{"start":{"line":48,"column":0},"end":{"line":48,"column":67}}},"4":{"name":"(anonymous_4)","line":51,"loc":{"start":{"line":51,"column":22},"end":{"line":51,"column":38}}},"5":{"name":"(anonymous_5)","line":56,"loc":{"start":{"line":56,"column":31},"end":{"line":56,"column":48}}},"6":{"name":"(anonymous_6)","line":62,"loc":{"start":{"line":62,"column":31},"end":{"line":62,"column":46}}},"7":{"name":"(anonymous_7)","line":66,"loc":{"start":{"line":66,"column":43},"end":{"line":66,"column":71}}},"8":{"name":"(anonymous_8)","line":67,"loc":{"start":{"line":67,"column":55},"end":{"line":67,"column":75}}},"9":{"name":"getClientsFromIpList","line":82,"loc":{"start":{"line":82,"column":0},"end":{"line":82,"column":48}}},"10":{"name":"(anonymous_10)","line":85,"loc":{"start":{"line":85,"column":22},"end":{"line":85,"column":38}}},"11":{"name":"(anonymous_11)","line":89,"loc":{"start":{"line":89,"column":31},"end":{"line":89,"column":48}}},"12":{"name":"(anonymous_12)","line":95,"loc":{"start":{"line":95,"column":31},"end":{"line":95,"column":46}}},"13":{"name":"(anonymous_13)","line":99,"loc":{"start":{"line":99,"column":43},"end":{"line":99,"column":71}}},"14":{"name":"(anonymous_14)","line":100,"loc":{"start":{"line":100,"column":55},"end":{"line":100,"column":75}}},"15":{"name":"(anonymous_15)","line":115,"loc":{"start":{"line":115,"column":22},"end":{"line":115,"column":41}}},"16":{"name":"(anonymous_16)","line":117,"loc":{"start":{"line":117,"column":106},"end":{"line":117,"column":136}}},"17":{"name":"(anonymous_17)","line":124,"loc":{"start":{"line":124,"column":20},"end":{"line":124,"column":39}}},"18":{"name":"(anonymous_18)","line":126,"loc":{"start":{"line":126,"column":106},"end":{"line":126,"column":136}}},"19":{"name":"(anonymous_19)","line":132,"loc":{"start":{"line":132,"column":30},"end":{"line":132,"column":45}}},"20":{"name":"(anonymous_20)","line":141,"loc":{"start":{"line":141,"column":37},"end":{"line":141,"column":56}}},"21":{"name":"(anonymous_21)","line":143,"loc":{"start":{"line":143,"column":106},"end":{"line":143,"column":136}}},"22":{"name":"(anonymous_22)","line":150,"loc":{"start":{"line":150,"column":54},"end":{"line":150,"column":73}}},"23":{"name":"(anonymous_23)","line":152,"loc":{"start":{"line":152,"column":106},"end":{"line":152,"column":136}}},"24":{"name":"handleCommand","line":158,"loc":{"start":{"line":158,"column":0},"end":{"line":158,"column":55}}},"25":{"name":"(anonymous_25)","line":167,"loc":{"start":{"line":167,"column":40},"end":{"line":167,"column":65}}},"26":{"name":"(anonymous_26)","line":173,"loc":{"start":{"line":173,"column":38},"end":{"line":173,"column":67}}},"27":{"name":"(anonymous_27)","line":184,"loc":{"start":{"line":184,"column":42},"end":{"line":184,"column":54}}},"28":{"name":"(anonymous_28)","line":186,"loc":{"start":{"line":186,"column":22},"end":{"line":186,"column":37}}},"29":{"name":"(anonymous_29)","line":187,"loc":{"start":{"line":187,"column":20},"end":{"line":187,"column":38}}},"30":{"name":"(anonymous_30)","line":192,"loc":{"start":{"line":192,"column":21},"end":{"line":192,"column":38}}},"31":{"name":"toArray","line":198,"loc":{"start":{"line":198,"column":0},"end":{"line":198,"column":23}}}},"statementMap":{"1":{"start":{"line":1,"column":0},"end":{"line":1,"column":40}},"2":{"start":{"line":3,"column":0},"end":{"line":3,"column":41}},"3":{"start":{"line":4,"column":0},"end":{"line":4,"column":33}},"4":{"start":{"line":5,"column":0},"end":{"line":5,"column":38}},"5":{"start":{"line":6,"column":0},"end":{"line":6,"column":66}},"6":{"start":{"line":8,"column":0},"end":{"line":8,"column":30}},"7":{"start":{"line":9,"column":0},"end":{"line":9,"column":28}},"8":{"start":{"line":11,"column":0},"end":{"line":46,"column":1}},"9":{"start":{"line":12,"column":4},"end":{"line":12,"column":93}},"10":{"start":{"line":12,"column":51},"end":{"line":12,"column":93}},"11":{"start":{"line":13,"column":4},"end":{"line":13,"column":31}},"12":{"start":{"line":14,"column":4},"end":{"line":14,"column":52}},"13":{"start":{"line":15,"column":4},"end":{"line":15,"column":50}},"14":{"start":{"line":16,"column":4},"end":{"line":16,"column":52}},"15":{"start":{"line":17,"column":4},"end":{"line":20,"column":5}},"16":{"start":{"line":18,"column":8},"end":{"line":18,"column":60}},"17":{"start":{"line":19,"column":8},"end":{"line":19,"column":31}},"18":{"start":{"line":21,"column":4},"end":{"line":21,"column":20}},"19":{"start":{"line":23,"column":4},"end":{"line":23,"column":18}},"20":{"start":{"line":24,"column":4},"end":{"line":32,"column":5}},"21":{"start":{"line":25,"column":8},"end":{"line":31,"column":9}},"22":{"start":{"line":26,"column":12},"end":{"line":26,"column":63}},"23":{"start":{"line":27,"column":12},"end":{"line":27,"column":62}},"24":{"start":{"line":29,"column":12},"end":{"line":29,"column":59}},"25":{"start":{"line":30,"column":12},"end":{"line":30,"column":108}},"26":{"start":{"line":34,"column":4},"end":{"line":34,"column":19}},"27":{"start":{"line":35,"column":4},"end":{"line":45,"column":5}},"28":{"start":{"line":36,"column":8},"end":{"line":44,"column":11}},"29":{"start":{"line":37,"column":12},"end":{"line":43,"column":13}},"30":{"start":{"line":38,"column":16},"end":{"line":38,"column":60}},"31":{"start":{"line":39,"column":16},"end":{"line":39,"column":58}},"32":{"start":{"line":41,"column":16},"end":{"line":41,"column":56}},"33":{"start":{"line":42,"column":16},"end":{"line":42,"column":98}},"34":{"start":{"line":48,"column":0},"end":{"line":80,"column":1}},"35":{"start":{"line":49,"column":4},"end":{"line":49,"column":21}},"36":{"start":{"line":50,"column":4},"end":{"line":78,"column":5}},"37":{"start":{"line":51,"column":8},"end":{"line":77,"column":11}},"38":{"start":{"line":52,"column":12},"end":{"line":61,"column":15}},"39":{"start":{"line":57,"column":20},"end":{"line":57,"column":60}},"40":{"start":{"line":58,"column":20},"end":{"line":58,"column":33}},"41":{"start":{"line":62,"column":12},"end":{"line":64,"column":15}},"42":{"start":{"line":63,"column":16},"end":{"line":63,"column":60}},"43":{"start":{"line":65,"column":12},"end":{"line":75,"column":13}},"44":{"start":{"line":66,"column":16},"end":{"line":74,"column":19}},"45":{"start":{"line":67,"column":20},"end":{"line":73,"column":23}},"46":{"start":{"line":68,"column":24},"end":{"line":72,"column":25}},"47":{"start":{"line":69,"column":28},"end":{"line":69,"column":55}},"48":{"start":{"line":71,"column":28},"end":{"line":71,"column":80}},"49":{"start":{"line":76,"column":12},"end":{"line":76,"column":33}},"50":{"start":{"line":79,"column":4},"end":{"line":79,"column":19}},"51":{"start":{"line":82,"column":0},"end":{"line":113,"column":1}},"52":{"start":{"line":83,"column":4},"end":{"line":83,"column":21}},"53":{"start":{"line":84,"column":4},"end":{"line":111,"column":5}},"54":{"start":{"line":85,"column":8},"end":{"line":110,"column":11}},"55":{"start":{"line":86,"column":12},"end":{"line":94,"column":15}},"56":{"start":{"line":90,"column":20},"end":{"line":90,"column":60}},"57":{"start":{"line":91,"column":20},"end":{"line":91,"column":33}},"58":{"start":{"line":95,"column":12},"end":{"line":97,"column":15}},"59":{"start":{"line":96,"column":16},"end":{"line":96,"column":49}},"60":{"start":{"line":98,"column":12},"end":{"line":108,"column":13}},"61":{"start":{"line":99,"column":16},"end":{"line":107,"column":19}},"62":{"start":{"line":100,"column":20},"end":{"line":106,"column":23}},"63":{"start":{"line":101,"column":24},"end":{"line":105,"column":25}},"64":{"start":{"line":102,"column":28},"end":{"line":102,"column":55}},"65":{"start":{"line":104,"column":28},"end":{"line":104,"column":72}},"66":{"start":{"line":109,"column":12},"end":{"line":109,"column":33}},"67":{"start":{"line":112,"column":4},"end":{"line":112,"column":19}},"68":{"start":{"line":115,"column":0},"end":{"line":122,"column":3}},"69":{"start":{"line":117,"column":4},"end":{"line":120,"column":5}},"70":{"start":{"line":118,"column":8},"end":{"line":118,"column":53}},"71":{"start":{"line":119,"column":8},"end":{"line":119,"column":50}},"72":{"start":{"line":124,"column":0},"end":{"line":139,"column":3}},"73":{"start":{"line":126,"column":4},"end":{"line":137,"column":5}},"74":{"start":{"line":127,"column":8},"end":{"line":136,"column":9}},"75":{"start":{"line":128,"column":12},"end":{"line":128,"column":57}},"76":{"start":{"line":129,"column":12},"end":{"line":129,"column":54}},"77":{"start":{"line":131,"column":12},"end":{"line":131,"column":33}},"78":{"start":{"line":132,"column":12},"end":{"line":135,"column":15}},"79":{"start":{"line":133,"column":16},"end":{"line":133,"column":54}},"80":{"start":{"line":134,"column":16},"end":{"line":134,"column":53}},"81":{"start":{"line":141,"column":0},"end":{"line":148,"column":3}},"82":{"start":{"line":143,"column":4},"end":{"line":146,"column":5}},"83":{"start":{"line":144,"column":8},"end":{"line":144,"column":51}},"84":{"start":{"line":145,"column":8},"end":{"line":145,"column":50}},"85":{"start":{"line":150,"column":0},"end":{"line":156,"column":3}},"86":{"start":{"line":152,"column":4},"end":{"line":155,"column":5}},"87":{"start":{"line":153,"column":8},"end":{"line":153,"column":52}},"88":{"start":{"line":154,"column":8},"end":{"line":154,"column":50}},"89":{"start":{"line":158,"column":0},"end":{"line":165,"column":1}},"90":{"start":{"line":159,"column":4},"end":{"line":162,"column":5}},"91":{"start":{"line":160,"column":8},"end":{"line":160,"column":62}},"92":{"start":{"line":161,"column":8},"end":{"line":161,"column":15}},"93":{"start":{"line":164,"column":4},"end":{"line":164,"column":85}},"94":{"start":{"line":167,"column":0},"end":{"line":170,"column":1}},"95":{"start":{"line":168,"column":4},"end":{"line":168,"column":48}},"96":{"start":{"line":169,"column":4},"end":{"line":169,"column":69}},"97":{"start":{"line":173,"column":0},"end":{"line":181,"column":1}},"98":{"start":{"line":174,"column":4},"end":{"line":180,"column":5}},"99":{"start":{"line":175,"column":8},"end":{"line":175,"column":45}},"100":{"start":{"line":177,"column":8},"end":{"line":177,"column":53}},"101":{"start":{"line":178,"column":8},"end":{"line":178,"column":28}},"102":{"start":{"line":179,"column":8},"end":{"line":179,"column":18}},"103":{"start":{"line":184,"column":0},"end":{"line":196,"column":1}},"104":{"start":{"line":185,"column":4},"end":{"line":185,"column":24}},"105":{"start":{"line":186,"column":4},"end":{"line":190,"column":7}},"106":{"start":{"line":187,"column":8},"end":{"line":189,"column":11}},"107":{"start":{"line":188,"column":12},"end":{"line":188,"column":55}},"108":{"start":{"line":191,"column":4},"end":{"line":191,"column":23}},"109":{"start":{"line":192,"column":4},"end":{"line":194,"column":7}},"110":{"start":{"line":193,"column":8},"end":{"line":193,"column":49}},"111":{"start":{"line":195,"column":4},"end":{"line":195,"column":62}},"112":{"start":{"line":198,"column":0},"end":{"line":207,"column":1}},"113":{"start":{"line":199,"column":4},"end":{"line":200,"column":32}},"114":{"start":{"line":202,"column":4},"end":{"line":204,"column":5}},"115":{"start":{"line":203,"column":8},"end":{"line":203,"column":25}},"116":{"start":{"line":206,"column":4},"end":{"line":206,"column":15}}},"branchMap":{"1":{"line":12,"type":"if","locations":[{"start":{"line":12,"column":4},"end":{"line":12,"column":4}},{"start":{"line":12,"column":4},"end":{"line":12,"column":4}}]},"2":{"line":17,"type":"if","locations":[{"start":{"line":17,"column":4},"end":{"line":17,"column":4}},{"start":{"line":17,"column":4},"end":{"line":17,"column":4}}]},"3":{"line":24,"type":"if","locations":[{"start":{"line":24,"column":4},"end":{"line":24,"column":4}},{"start":{"line":24,"column":4},"end":{"line":24,"column":4}}]},"4":{"line":25,"type":"if","locations":[{"start":{"line":25,"column":8},"end":{"line":25,"column":8}},{"start":{"line":25,"column":8},"end":{"line":25,"column":8}}]},"5":{"line":35,"type":"if","locations":[{"start":{"line":35,"column":4},"end":{"line":35,"column":4}},{"start":{"line":35,"column":4},"end":{"line":35,"column":4}}]},"6":{"line":37,"type":"if","locations":[{"start":{"line":37,"column":12},"end":{"line":37,"column":12}},{"start":{"line":37,"column":12},"end":{"line":37,"column":12}}]},"7":{"line":50,"type":"if","locations":[{"start":{"line":50,"column":4},"end":{"line":50,"column":4}},{"start":{"line":50,"column":4},"end":{"line":50,"column":4}}]},"8":{"line":65,"type":"if","locations":[{"start":{"line":65,"column":12},"end":{"line":65,"column":12}},{"start":{"line":65,"column":12},"end":{"line":65,"column":12}}]},"9":{"line":84,"type":"if","locations":[{"start":{"line":84,"column":4},"end":{"line":84,"column":4}},{"start":{"line":84,"column":4},"end":{"line":84,"column":4}}]},"10":{"line":98,"type":"if","locations":[{"start":{"line":98,"column":12},"end":{"line":98,"column":12}},{"start":{"line":98,"column":12},"end":{"line":98,"column":12}}]},"11":{"line":127,"type":"if","locations":[{"start":{"line":127,"column":8},"end":{"line":127,"column":8}},{"start":{"line":127,"column":8},"end":{"line":127,"column":8}}]},"12":{"line":159,"type":"if","locations":[{"start":{"line":159,"column":4},"end":{"line":159,"column":4}},{"start":{"line":159,"column":4},"end":{"line":159,"column":4}}]},"13":{"line":174,"type":"if","locations":[{"start":{"line":174,"column":4},"end":{"line":174,"column":4}},{"start":{"line":174,"column":4},"end":{"line":174,"column":4}}]},"14":{"line":188,"type":"binary-expr","locations":[{"start":{"line":188,"column":12},"end":{"line":188,"column":37}},{"start":{"line":188,"column":41},"end":{"line":188,"column":54}}]},"15":{"line":193,"type":"binary-expr","locations":[{"start":{"line":193,"column":8},"end":{"line":193,"column":32}},{"start":{"line":193,"column":36},"end":{"line":193,"column":48}}]}}},"/Users/xuduo/projects/misaka/trunk/push-server/lib/util/util.js":{"path":"/Users/xuduo/projects/misaka/trunk/push-server/lib/util/util.js","s":{"1":1,"2":374,"3":0,"4":374,"5":374,"6":0,"7":0,"8":0,"9":0,"10":0,"11":0,"12":0,"13":0,"14":0},"b":{"1":[0,374],"2":[374,374],"3":[374,0],"4":[0,0]},"f":{"1":374},"fnMap":{"1":{"name":"(anonymous_1)","line":2,"loc":{"start":{"line":2,"column":15},"end":{"line":2,"column":37}}}},"statementMap":{"1":{"start":{"line":1,"column":0},"end":{"line":19,"column":2}},"2":{"start":{"line":3,"column":8},"end":{"line":5,"column":9}},"3":{"start":{"line":4,"column":12},"end":{"line":4,"column":19}},"4":{"start":{"line":6,"column":8},"end":{"line":8,"column":9}},"5":{"start":{"line":7,"column":12},"end":{"line":7,"column":28}},"6":{"start":{"line":9,"column":8},"end":{"line":9,"column":21}},"7":{"start":{"line":10,"column":8},"end":{"line":10,"column":41}},"8":{"start":{"line":10,"column":29},"end":{"line":10,"column":41}},"9":{"start":{"line":11,"column":8},"end":{"line":15,"column":9}},"10":{"start":{"line":12,"column":12},"end":{"line":12,"column":41}},"11":{"start":{"line":13,"column":12},"end":{"line":13,"column":47}},"12":{"start":{"line":14,"column":12},"end":{"line":14,"column":31}},"13":{"start":{"line":16,"column":8},"end":{"line":16,"column":30}},"14":{"start":{"line":17,"column":8},"end":{"line":17,"column":42}}},"branchMap":{"1":{"line":3,"type":"if","locations":[{"start":{"line":3,"column":8},"end":{"line":3,"column":8}},{"start":{"line":3,"column":8},"end":{"line":3,"column":8}}]},"2":{"line":3,"type":"binary-expr","locations":[{"start":{"line":3,"column":11},"end":{"line":3,"column":17}},{"start":{"line":3,"column":21},"end":{"line":3,"column":38}}]},"3":{"line":6,"type":"if","locations":[{"start":{"line":6,"column":8},"end":{"line":6,"column":8}},{"start":{"line":6,"column":8},"end":{"line":6,"column":8}}]},"4":{"line":10,"type":"if","locations":[{"start":{"line":10,"column":8},"end":{"line":10,"column":8}},{"start":{"line":10,"column":8},"end":{"line":10,"column":8}}]}}},"/Users/xuduo/projects/misaka/trunk/push-server/lib/stats/stats.js":{"path":"/Users/xuduo/projects/misaka/trunk/push-server/lib/stats/stats.js","s":{"1":1,"2":1,"3":1,"4":1,"5":7,"6":0,"7":7,"8":7,"9":7,"10":7,"11":7,"12":7,"13":7,"14":7,"15":7,"16":7,"17":7,"18":7,"19":7,"20":7,"21":7,"22":0,"23":0,"24":0,"25":7,"26":1,"27":52,"28":0,"29":0,"30":0,"31":52,"32":1,"33":13,"34":13,"35":13,"36":0,"37":13,"38":0,"39":1,"40":16,"41":16,"42":16,"43":0,"44":16,"45":0,"46":1,"47":33,"48":33,"49":33,"50":33,"51":1,"52":0,"53":0,"54":1,"55":0,"56":0,"57":1,"58":0,"59":0,"60":1,"61":16,"62":16,"63":16,"64":16,"65":16,"66":0,"67":0,"68":0,"69":0,"70":0,"71":0,"72":0,"73":0,"74":0,"75":1,"76":16,"77":16,"78":16,"79":1,"80":1,"81":33,"82":1,"83":33,"84":33,"85":33,"86":33,"87":1,"88":0,"89":0,"90":0,"91":0,"92":0,"93":1,"94":0,"95":0,"96":0,"97":0,"98":0,"99":0,"100":1,"101":0,"102":0,"103":0,"104":0,"105":0,"106":0,"107":0,"108":0,"109":0,"110":0,"111":0,"112":0,"113":0,"114":0,"115":0,"116":0,"117":0,"118":0,"119":0,"120":0,"121":0,"122":0,"123":0,"124":0,"125":0,"126":1,"127":0,"128":0,"129":0,"130":0,"131":0,"132":1,"133":0,"134":0,"135":0,"136":0,"137":0,"138":0,"139":0,"140":1,"141":0,"142":0,"143":0,"144":0,"145":0,"146":0,"147":0,"148":0,"149":0,"150":0,"151":0,"152":0,"153":0,"154":0,"155":0,"156":0,"157":0,"158":0,"159":0,"160":0,"161":0,"162":0,"163":0,"164":0,"165":0,"166":0,"167":0,"168":0,"169":0,"170":0,"171":0,"172":0,"173":0,"174":0,"175":0,"176":0,"177":0,"178":0,"179":0,"180":0,"181":0,"182":0,"183":0,"184":0,"185":0,"186":0,"187":0,"188":0,"189":0,"190":0,"191":0,"192":0,"193":0,"194":0,"195":0,"196":0,"197":0,"198":0,"199":0},"b":{"1":[0,7],"2":[7,0],"3":[7,0],"4":[0,52],"5":[52,0,0],"6":[13,0],"7":[0,13],"8":[0,13],"9":[16,0],"10":[0,16],"11":[0,16],"12":[16,0],"13":[0,0],"14":[0,0],"15":[16,0],"16":[0,0],"17":[0,0],"18":[0,0],"19":[0,0],"20":[0,0],"21":[0,0],"22":[0,0],"23":[0,0],"24":[0,0],"25":[0,0],"26":[0,0],"27":[0,0],"28":[0,0],"29":[0,0],"30":[0,0],"31":[0,0],"32":[0,0],"33":[0,0],"34":[0,0],"35":[0,0],"36":[0,0],"37":[0,0],"38":[0,0]},"f":{"1":7,"2":0,"3":52,"4":13,"5":16,"6":33,"7":0,"8":0,"9":0,"10":16,"11":0,"12":16,"13":33,"14":33,"15":0,"16":0,"17":0,"18":0,"19":0,"20":0,"21":0,"22":0,"23":0,"24":0,"25":0},"fnMap":{"1":{"name":"Stats","line":6,"loc":{"start":{"line":6,"column":0},"end":{"line":6,"column":28}}},"2":{"name":"(anonymous_2)","line":23,"loc":{"start":{"line":23,"column":16},"end":{"line":23,"column":28}}},"3":{"name":"(anonymous_3)","line":37,"loc":{"start":{"line":37,"column":29},"end":{"line":37,"column":41}}},"4":{"name":"(anonymous_4)","line":47,"loc":{"start":{"line":47,"column":37},"end":{"line":47,"column":64}}},"5":{"name":"(anonymous_5)","line":58,"loc":{"start":{"line":58,"column":40},"end":{"line":58,"column":67}}},"6":{"name":"(anonymous_6)","line":70,"loc":{"start":{"line":70,"column":27},"end":{"line":70,"column":39}}},"7":{"name":"(anonymous_7)","line":77,"loc":{"start":{"line":77,"column":30},"end":{"line":77,"column":47}}},"8":{"name":"(anonymous_8)","line":82,"loc":{"start":{"line":82,"column":32},"end":{"line":82,"column":49}}},"9":{"name":"(anonymous_9)","line":87,"loc":{"start":{"line":87,"column":30},"end":{"line":87,"column":58}}},"10":{"name":"(anonymous_10)","line":92,"loc":{"start":{"line":92,"column":29},"end":{"line":92,"column":54}}},"11":{"name":"(anonymous_11)","line":100,"loc":{"start":{"line":100,"column":23},"end":{"line":100,"column":39}}},"12":{"name":"(anonymous_12)","line":115,"loc":{"start":{"line":115,"column":32},"end":{"line":115,"column":49}}},"13":{"name":"hourStrip","line":124,"loc":{"start":{"line":124,"column":0},"end":{"line":124,"column":30}}},"14":{"name":"(anonymous_14)","line":128,"loc":{"start":{"line":128,"column":23},"end":{"line":128,"column":49}}},"15":{"name":"(anonymous_15)","line":135,"loc":{"start":{"line":135,"column":25},"end":{"line":135,"column":55}}},"16":{"name":"(anonymous_16)","line":144,"loc":{"start":{"line":144,"column":38},"end":{"line":144,"column":59}}},"17":{"name":"(anonymous_17)","line":154,"loc":{"start":{"line":154,"column":34},"end":{"line":154,"column":54}}},"18":{"name":"(anonymous_18)","line":155,"loc":{"start":{"line":155,"column":45},"end":{"line":155,"column":69}}},"19":{"name":"(anonymous_19)","line":189,"loc":{"start":{"line":189,"column":44},"end":{"line":189,"column":60}}},"20":{"name":"(anonymous_20)","line":198,"loc":{"start":{"line":198,"column":35},"end":{"line":198,"column":55}}},"21":{"name":"(anonymous_21)","line":199,"loc":{"start":{"line":199,"column":38},"end":{"line":199,"column":62}}},"22":{"name":"(anonymous_22)","line":201,"loc":{"start":{"line":201,"column":24},"end":{"line":201,"column":42}}},"23":{"name":"(anonymous_23)","line":209,"loc":{"start":{"line":209,"column":17},"end":{"line":209,"column":33}}},"24":{"name":"(anonymous_24)","line":217,"loc":{"start":{"line":217,"column":23},"end":{"line":217,"column":48}}},"25":{"name":"(anonymous_25)","line":237,"loc":{"start":{"line":237,"column":20},"end":{"line":237,"column":44}}}},"statementMap":{"1":{"start":{"line":1,"column":0},"end":{"line":1,"column":23}},"2":{"start":{"line":3,"column":0},"end":{"line":3,"column":49}},"3":{"start":{"line":4,"column":0},"end":{"line":4,"column":43}},"4":{"start":{"line":6,"column":0},"end":{"line":35,"column":1}},"5":{"start":{"line":7,"column":4},"end":{"line":7,"column":64}},"6":{"start":{"line":7,"column":34},"end":{"line":7,"column":64}},"7":{"start":{"line":8,"column":4},"end":{"line":8,"column":23}},"8":{"start":{"line":9,"column":4},"end":{"line":9,"column":55}},"9":{"start":{"line":10,"column":4},"end":{"line":10,"column":66}},"10":{"start":{"line":11,"column":4},"end":{"line":11,"column":24}},"11":{"start":{"line":12,"column":4},"end":{"line":12,"column":33}},"12":{"start":{"line":13,"column":4},"end":{"line":13,"column":49}},"13":{"start":{"line":14,"column":4},"end":{"line":14,"column":39}},"14":{"start":{"line":15,"column":4},"end":{"line":15,"column":27}},"15":{"start":{"line":16,"column":4},"end":{"line":16,"column":11}},"16":{"start":{"line":17,"column":4},"end":{"line":19,"column":5}},"17":{"start":{"line":18,"column":8},"end":{"line":18,"column":65}},"18":{"start":{"line":20,"column":4},"end":{"line":20,"column":46}},"19":{"start":{"line":21,"column":4},"end":{"line":21,"column":46}},"20":{"start":{"line":22,"column":4},"end":{"line":22,"column":21}},"21":{"start":{"line":23,"column":4},"end":{"line":33,"column":14}},"22":{"start":{"line":24,"column":8},"end":{"line":24,"column":54}},"23":{"start":{"line":25,"column":8},"end":{"line":25,"column":48}},"24":{"start":{"line":26,"column":8},"end":{"line":32,"column":12}},"25":{"start":{"line":34,"column":4},"end":{"line":34,"column":36}},"26":{"start":{"line":37,"column":0},"end":{"line":45,"column":1}},"27":{"start":{"line":38,"column":4},"end":{"line":44,"column":5}},"28":{"start":{"line":39,"column":8},"end":{"line":39,"column":114}},"29":{"start":{"line":40,"column":8},"end":{"line":40,"column":26}},"30":{"start":{"line":41,"column":8},"end":{"line":41,"column":20}},"31":{"start":{"line":43,"column":8},"end":{"line":43,"column":21}},"32":{"start":{"line":47,"column":0},"end":{"line":56,"column":1}},"33":{"start":{"line":48,"column":4},"end":{"line":50,"column":5}},"34":{"start":{"line":49,"column":8},"end":{"line":49,"column":18}},"35":{"start":{"line":51,"column":4},"end":{"line":55,"column":5}},"36":{"start":{"line":52,"column":8},"end":{"line":52,"column":39}},"37":{"start":{"line":53,"column":11},"end":{"line":55,"column":5}},"38":{"start":{"line":54,"column":8},"end":{"line":54,"column":43}},"39":{"start":{"line":58,"column":0},"end":{"line":67,"column":1}},"40":{"start":{"line":59,"column":4},"end":{"line":61,"column":5}},"41":{"start":{"line":60,"column":8},"end":{"line":60,"column":18}},"42":{"start":{"line":62,"column":4},"end":{"line":66,"column":5}},"43":{"start":{"line":63,"column":8},"end":{"line":63,"column":39}},"44":{"start":{"line":64,"column":11},"end":{"line":66,"column":5}},"45":{"start":{"line":65,"column":8},"end":{"line":65,"column":43}},"46":{"start":{"line":70,"column":0},"end":{"line":75,"column":1}},"47":{"start":{"line":71,"column":4},"end":{"line":71,"column":31}},"48":{"start":{"line":72,"column":4},"end":{"line":72,"column":26}},"49":{"start":{"line":73,"column":4},"end":{"line":73,"column":28}},"50":{"start":{"line":74,"column":4},"end":{"line":74,"column":60}},"51":{"start":{"line":77,"column":0},"end":{"line":80,"column":1}},"52":{"start":{"line":78,"column":4},"end":{"line":78,"column":31}},"53":{"start":{"line":79,"column":4},"end":{"line":79,"column":64}},"54":{"start":{"line":82,"column":0},"end":{"line":85,"column":1}},"55":{"start":{"line":83,"column":4},"end":{"line":83,"column":31}},"56":{"start":{"line":84,"column":4},"end":{"line":84,"column":62}},"57":{"start":{"line":87,"column":0},"end":{"line":90,"column":1}},"58":{"start":{"line":88,"column":4},"end":{"line":88,"column":31}},"59":{"start":{"line":89,"column":4},"end":{"line":89,"column":84}},"60":{"start":{"line":92,"column":0},"end":{"line":113,"column":2}},"61":{"start":{"line":93,"column":4},"end":{"line":95,"column":5}},"62":{"start":{"line":94,"column":8},"end":{"line":94,"column":18}},"63":{"start":{"line":96,"column":4},"end":{"line":96,"column":37}},"64":{"start":{"line":98,"column":4},"end":{"line":98,"column":21}},"65":{"start":{"line":100,"column":4},"end":{"line":112,"column":7}},"66":{"start":{"line":101,"column":8},"end":{"line":101,"column":71}},"67":{"start":{"line":102,"column":8},"end":{"line":102,"column":35}},"68":{"start":{"line":103,"column":8},"end":{"line":103,"column":27}},"69":{"start":{"line":104,"column":8},"end":{"line":111,"column":9}},"70":{"start":{"line":105,"column":12},"end":{"line":110,"column":13}},"71":{"start":{"line":106,"column":16},"end":{"line":106,"column":55}},"72":{"start":{"line":107,"column":16},"end":{"line":107,"column":117}},"73":{"start":{"line":108,"column":16},"end":{"line":108,"column":121}},"74":{"start":{"line":109,"column":16},"end":{"line":109,"column":121}},"75":{"start":{"line":115,"column":0},"end":{"line":120,"column":2}},"76":{"start":{"line":116,"column":4},"end":{"line":118,"column":5}},"77":{"start":{"line":117,"column":8},"end":{"line":117,"column":18}},"78":{"start":{"line":119,"column":4},"end":{"line":119,"column":37}},"79":{"start":{"line":122,"column":0},"end":{"line":122,"column":32}},"80":{"start":{"line":124,"column":0},"end":{"line":126,"column":1}},"81":{"start":{"line":125,"column":4},"end":{"line":125,"column":60}},"82":{"start":{"line":128,"column":0},"end":{"line":133,"column":2}},"83":{"start":{"line":129,"column":4},"end":{"line":129,"column":39}},"84":{"start":{"line":130,"column":4},"end":{"line":130,"column":30}},"85":{"start":{"line":131,"column":4},"end":{"line":131,"column":40}},"86":{"start":{"line":132,"column":4},"end":{"line":132,"column":45}},"87":{"start":{"line":135,"column":0},"end":{"line":142,"column":2}},"88":{"start":{"line":136,"column":4},"end":{"line":141,"column":5}},"89":{"start":{"line":137,"column":8},"end":{"line":137,"column":43}},"90":{"start":{"line":138,"column":8},"end":{"line":138,"column":34}},"91":{"start":{"line":139,"column":8},"end":{"line":139,"column":45}},"92":{"start":{"line":140,"column":8},"end":{"line":140,"column":62}},"93":{"start":{"line":144,"column":0},"end":{"line":152,"column":2}},"94":{"start":{"line":145,"column":4},"end":{"line":145,"column":41}},"95":{"start":{"line":146,"column":4},"end":{"line":146,"column":52}},"96":{"start":{"line":147,"column":4},"end":{"line":151,"column":5}},"97":{"start":{"line":148,"column":8},"end":{"line":148,"column":62}},"98":{"start":{"line":149,"column":8},"end":{"line":149,"column":75}},"99":{"start":{"line":150,"column":8},"end":{"line":150,"column":56}},"100":{"start":{"line":154,"column":0},"end":{"line":196,"column":2}},"101":{"start":{"line":155,"column":4},"end":{"line":195,"column":7}},"102":{"start":{"line":156,"column":8},"end":{"line":156,"column":27}},"103":{"start":{"line":157,"column":8},"end":{"line":157,"column":29}},"104":{"start":{"line":158,"column":8},"end":{"line":158,"column":25}},"105":{"start":{"line":159,"column":8},"end":{"line":159,"column":42}},"106":{"start":{"line":160,"column":8},"end":{"line":160,"column":30}},"107":{"start":{"line":161,"column":8},"end":{"line":161,"column":31}},"108":{"start":{"line":162,"column":8},"end":{"line":162,"column":27}},"109":{"start":{"line":163,"column":8},"end":{"line":163,"column":36}},"110":{"start":{"line":164,"column":8},"end":{"line":181,"column":9}},"111":{"start":{"line":165,"column":12},"end":{"line":165,"column":47}},"112":{"start":{"line":166,"column":12},"end":{"line":180,"column":13}},"113":{"start":{"line":167,"column":16},"end":{"line":167,"column":54}},"114":{"start":{"line":168,"column":16},"end":{"line":168,"column":50}},"115":{"start":{"line":169,"column":16},"end":{"line":169,"column":58}},"116":{"start":{"line":170,"column":16},"end":{"line":170,"column":59}},"117":{"start":{"line":171,"column":16},"end":{"line":171,"column":51}},"118":{"start":{"line":172,"column":16},"end":{"line":172,"column":69}},"119":{"start":{"line":173,"column":16},"end":{"line":179,"column":19}},"120":{"start":{"line":183,"column":8},"end":{"line":194,"column":10}},"121":{"start":{"line":190,"column":16},"end":{"line":190,"column":43}},"122":{"start":{"line":190,"column":33},"end":{"line":190,"column":43}},"123":{"start":{"line":191,"column":16},"end":{"line":191,"column":42}},"124":{"start":{"line":191,"column":33},"end":{"line":191,"column":42}},"125":{"start":{"line":192,"column":16},"end":{"line":192,"column":25}},"126":{"start":{"line":198,"column":0},"end":{"line":207,"column":1}},"127":{"start":{"line":199,"column":4},"end":{"line":206,"column":7}},"128":{"start":{"line":200,"column":8},"end":{"line":200,"column":22}},"129":{"start":{"line":201,"column":8},"end":{"line":203,"column":11}},"130":{"start":{"line":202,"column":12},"end":{"line":202,"column":41}},"131":{"start":{"line":204,"column":8},"end":{"line":204,"column":40}},"132":{"start":{"line":209,"column":0},"end":{"line":215,"column":1}},"133":{"start":{"line":210,"column":4},"end":{"line":210,"column":24}},"134":{"start":{"line":211,"column":4},"end":{"line":211,"column":24}},"135":{"start":{"line":212,"column":4},"end":{"line":212,"column":24}},"136":{"start":{"line":212,"column":15},"end":{"line":212,"column":24}},"137":{"start":{"line":213,"column":4},"end":{"line":213,"column":25}},"138":{"start":{"line":213,"column":15},"end":{"line":213,"column":25}},"139":{"start":{"line":214,"column":4},"end":{"line":214,"column":13}},"140":{"start":{"line":217,"column":0},"end":{"line":311,"column":1}},"141":{"start":{"line":218,"column":4},"end":{"line":218,"column":27}},"142":{"start":{"line":219,"column":4},"end":{"line":219,"column":74}},"143":{"start":{"line":220,"column":4},"end":{"line":220,"column":18}},"144":{"start":{"line":221,"column":4},"end":{"line":221,"column":23}},"145":{"start":{"line":222,"column":4},"end":{"line":222,"column":25}},"146":{"start":{"line":223,"column":4},"end":{"line":223,"column":25}},"147":{"start":{"line":224,"column":4},"end":{"line":224,"column":24}},"148":{"start":{"line":225,"column":4},"end":{"line":232,"column":5}},"149":{"start":{"line":226,"column":8},"end":{"line":226,"column":35}},"150":{"start":{"line":227,"column":8},"end":{"line":227,"column":63}},"151":{"start":{"line":228,"column":8},"end":{"line":228,"column":65}},"152":{"start":{"line":229,"column":8},"end":{"line":229,"column":65}},"153":{"start":{"line":230,"column":8},"end":{"line":230,"column":63}},"154":{"start":{"line":231,"column":8},"end":{"line":231,"column":33}},"155":{"start":{"line":234,"column":4},"end":{"line":234,"column":21}},"156":{"start":{"line":235,"column":4},"end":{"line":235,"column":27}},"157":{"start":{"line":237,"column":4},"end":{"line":307,"column":6}},"158":{"start":{"line":238,"column":8},"end":{"line":240,"column":9}},"159":{"start":{"line":239,"column":12},"end":{"line":239,"column":34}},"160":{"start":{"line":241,"column":8},"end":{"line":306,"column":9}},"161":{"start":{"line":242,"column":12},"end":{"line":242,"column":47}},"162":{"start":{"line":244,"column":12},"end":{"line":244,"column":32}},"163":{"start":{"line":245,"column":12},"end":{"line":245,"column":34}},"164":{"start":{"line":246,"column":12},"end":{"line":246,"column":38}},"165":{"start":{"line":247,"column":12},"end":{"line":247,"column":41}},"166":{"start":{"line":249,"column":12},"end":{"line":249,"column":29}},"167":{"start":{"line":250,"column":12},"end":{"line":250,"column":31}},"168":{"start":{"line":251,"column":12},"end":{"line":251,"column":31}},"169":{"start":{"line":252,"column":12},"end":{"line":252,"column":41}},"170":{"start":{"line":253,"column":12},"end":{"line":253,"column":37}},"171":{"start":{"line":255,"column":12},"end":{"line":283,"column":13}},"172":{"start":{"line":257,"column":16},"end":{"line":257,"column":62}},"173":{"start":{"line":258,"column":16},"end":{"line":258,"column":64}},"174":{"start":{"line":259,"column":16},"end":{"line":259,"column":64}},"175":{"start":{"line":260,"column":16},"end":{"line":260,"column":62}},"176":{"start":{"line":261,"column":16},"end":{"line":263,"column":17}},"177":{"start":{"line":262,"column":20},"end":{"line":262,"column":44}},"178":{"start":{"line":264,"column":16},"end":{"line":264,"column":36}},"179":{"start":{"line":265,"column":16},"end":{"line":265,"column":34}},"180":{"start":{"line":266,"column":16},"end":{"line":266,"column":40}},"181":{"start":{"line":267,"column":16},"end":{"line":267,"column":38}},"182":{"start":{"line":268,"column":16},"end":{"line":268,"column":40}},"183":{"start":{"line":269,"column":16},"end":{"line":269,"column":38}},"184":{"start":{"line":270,"column":16},"end":{"line":270,"column":39}},"185":{"start":{"line":271,"column":16},"end":{"line":271,"column":70}},"186":{"start":{"line":272,"column":16},"end":{"line":272,"column":81}},"187":{"start":{"line":273,"column":16},"end":{"line":273,"column":69}},"188":{"start":{"line":275,"column":16},"end":{"line":281,"column":17}},"189":{"start":{"line":276,"column":20},"end":{"line":276,"column":94}},"190":{"start":{"line":277,"column":20},"end":{"line":277,"column":83}},"191":{"start":{"line":278,"column":20},"end":{"line":278,"column":33}},"192":{"start":{"line":279,"column":20},"end":{"line":279,"column":35}},"193":{"start":{"line":280,"column":20},"end":{"line":280,"column":35}},"194":{"start":{"line":284,"column":12},"end":{"line":284,"column":74}},"195":{"start":{"line":285,"column":12},"end":{"line":285,"column":56}},"196":{"start":{"line":286,"column":12},"end":{"line":286,"column":77}},"197":{"start":{"line":288,"column":12},"end":{"line":296,"column":14}},"198":{"start":{"line":298,"column":12},"end":{"line":305,"column":15}},"199":{"start":{"line":309,"column":4},"end":{"line":309,"column":24}}},"branchMap":{"1":{"line":7,"type":"if","locations":[{"start":{"line":7,"column":4},"end":{"line":7,"column":4}},{"start":{"line":7,"column":4},"end":{"line":7,"column":4}}]},"2":{"line":17,"type":"if","locations":[{"start":{"line":17,"column":4},"end":{"line":17,"column":4}},{"start":{"line":17,"column":4},"end":{"line":17,"column":4}}]},"3":{"line":21,"type":"binary-expr","locations":[{"start":{"line":21,"column":14},"end":{"line":21,"column":16}},{"start":{"line":21,"column":20},"end":{"line":21,"column":45}}]},"4":{"line":38,"type":"if","locations":[{"start":{"line":38,"column":4},"end":{"line":38,"column":4}},{"start":{"line":38,"column":4},"end":{"line":38,"column":4}}]},"5":{"line":38,"type":"binary-expr","locations":[{"start":{"line":38,"column":8},"end":{"line":38,"column":37}},{"start":{"line":38,"column":41},"end":{"line":38,"column":60}},{"start":{"line":38,"column":64},"end":{"line":38,"column":110}}]},"6":{"line":48,"type":"if","locations":[{"start":{"line":48,"column":4},"end":{"line":48,"column":4}},{"start":{"line":48,"column":4},"end":{"line":48,"column":4}}]},"7":{"line":51,"type":"if","locations":[{"start":{"line":51,"column":4},"end":{"line":51,"column":4}},{"start":{
[...]
mn":46}},"206":{"start":{"line":325,"column":8},"end":{"line":325,"column":59}},"207":{"start":{"line":326,"column":8},"end":{"line":329,"column":11}},"208":{"start":{"line":330,"column":8},"end":{"line":330,"column":22}},"209":{"start":{"line":331,"column":8},"end":{"line":331,"column":18}},"210":{"start":{"line":332,"column":8},"end":{"line":332,"column":22}},"211":{"start":{"line":335,"column":4},"end":{"line":342,"column":7}},"212":{"start":{"line":336,"column":8},"end":{"line":340,"column":11}},"213":{"start":{"line":341,"column":8},"end":{"line":341,"column":22}},"214":{"start":{"line":344,"column":4},"end":{"line":346,"column":7}},"215":{"start":{"line":345,"column":8},"end":{"line":345,"column":68}},"216":{"start":{"line":350,"column":0},"end":{"line":352,"column":2}},"217":{"start":{"line":351,"column":4},"end":{"line":351,"column":24}},"218":{"start":{"line":354,"column":0},"end":{"line":369,"column":1}},"219":{"start":{"line":355,"column":4},"end":{"line":355,"column":12}},"220":{"start":{"line":356,"column":4},"end":{"line":367,"column":5}},"221":{"start":{"line":357,"column":8},"end":{"line":361,"column":9}},"222":{"start":{"line":358,"column":12},"end":{"line":358,"column":36}},"223":{"start":{"line":360,"column":12},"end":{"line":360,"column":26}},"224":{"start":{"line":362,"column":11},"end":{"line":367,"column":5}},"225":{"start":{"line":363,"column":8},"end":{"line":363,"column":22}},"226":{"start":{"line":366,"column":8},"end":{"line":366,"column":20}},"227":{"start":{"line":368,"column":4},"end":{"line":368,"column":15}}},"branchMap":{"1":{"line":7,"type":"if","locations":[{"start":{"line":7,"column":4},"end":{"line":7,"column":4}},{"start":{"line":7,"column":4},"end":{"line":7,"column":4}}]},"2":{"line":56,"type":"if","locations":[{"start":{"line":56,"column":8},"end":{"line":56,"column":8}},{"start":{"line":56,"column":8},"end":{"line":56,"column":8}}]},"3":{"line":56,"type":"binary-expr","locations":[{"start":{"line":56,"column":12},"end":{"line":56,"column":24}},{"start":{"line":56,"column":28},"end":{"line":56,"column":67}}]},"4":{"line":65,"type":"if","locations":[{"start":{"line":65,"column":8},"end":{"line":65,"column":8}},{"start":{"line":65,"column":8},"end":{"line":65,"column":8}}]},"5":{"line":65,"type":"binary-expr","locations":[{"start":{"line":65,"column":12},"end":{"line":65,"column":18}},{"start":{"line":65,"column":22},"end":{"line":65,"column":39}}]},"6":{"line":73,"type":"if","locations":[{"start":{"line":73,"column":8},"end":{"line":73,"column":8}},{"start":{"line":73,"column":8},"end":{"line":73,"column":8}}]},"7":{"line":73,"type":"binary-expr","locations":[{"start":{"line":73,"column":12},"end":{"line":73,"column":17}},{"start":{"line":73,"column":21},"end":{"line":73,"column":26}}]},"8":{"line":80,"type":"if","locations":[{"start":{"line":80,"column":8},"end":{"line":80,"column":8}},{"start":{"line":80,"column":8},"end":{"line":80,"column":8}}]},"9":{"line":83,"type":"if","locations":[{"start":{"line":83,"column":8},"end":{"line":83,"column":8}},{"start":{"line":83,"column":8},"end":{"line":83,"column":8}}]},"10":{"line":86,"type":"if","locations":[{"start":{"line":86,"column":8},"end":{"line":86,"column":8}},{"start":{"line":86,"column":8},"end":{"line":86,"column":8}}]},"11":{"line":92,"type":"if","locations":[{"start":{"line":92,"column":8},"end":{"line":92,"column":8}},{"start":{"line":92,"column":8},"end":{"line":92,"column":8}}]},"12":{"line":94,"type":"if","locations":[{"start":{"line":94,"column":16},"end":{"line":94,"column":16}},{"start":{"line":94,"column":16},"end":{"line":94,"column":16}}]},"13":{"line":103,"type":"if","locations":[{"start":{"line":103,"column":15},"end":{"line":103,"column":15}},{"start":{"line":103,"column":15},"end":{"line":103,"column":15}}]},"14":{"line":109,"type":"if","locations":[{"start":{"line":109,"column":15},"end":{"line":109,"column":15}},{"start":{"line":109,"column":15},"end":{"line":109,"column":15}}]},"15":{"line":127,"type":"if","locations":[{"start":{"line":127,"column":8},"end":{"line":127,"column":8}},{"start":{"line":127,"column":8},"end":{"line":127,"column":8}}]},"16":{"line":127,"type":"binary-expr","locations":[{"start":{"line":127,"column":12},"end":{"line":127,"column":24}},{"start":{"line":127,"column":28},"end":{"line":127,"column":75}}]},"17":{"line":134,"type":"if","locations":[{"start":{"line":134,"column":8},"end":{"line":134,"column":8}},{"start":{"line":134,"column":8},"end":{"line":134,"column":8}}]},"18":{"line":147,"type":"if","locations":[{"start":{"line":147,"column":8},"end":{"line":147,"column":8}},{"start":{"line":147,"column":8},"end":{"line":147,"column":8}}]},"19":{"line":152,"type":"if","locations":[{"start":{"line":152,"column":15},"end":{"line":152,"column":15}},{"start":{"line":152,"column":15},"end":{"line":152,"column":15}}]},"20":{"line":157,"type":"if","locations":[{"start":{"line":157,"column":15},"end":{"line":157,"column":15}},{"start":{"line":157,"column":15},"end":{"line":157,"column":15}}]},"21":{"line":222,"type":"if","locations":[{"start":{"line":222,"column":8},"end":{"line":222,"column":8}},{"start":{"line":222,"column":8},"end":{"line":222,"column":8}}]},"22":{"line":228,"type":"if","locations":[{"start":{"line":228,"column":8},"end":{"line":228,"column":8}},{"start":{"line":228,"column":8},"end":{"line":228,"column":8}}]},"23":{"line":356,"type":"if","locations":[{"start":{"line":356,"column":4},"end":{"line":356,"column":4}},{"start":{"line":356,"column":4},"end":{"line":356,"column":4}}]},"24":{"line":357,"type":"if","locations":[{"start":{"line":357,"column":8},"end":{"line":357,"column":8}},{"start":{"line":357,"column":8},"end":{"line":357,"column":8}}]},"25":{"line":362,"type":"if","locations":[{"start":{"line":362,"column":11},"end":{"line":362,"column":11}},{"start":{"line":362,"column":11},"end":{"line":362,"column":11}}]}}},"/Users/xuduo/projects/misaka/trunk/push-server/lib/client/push-client.js":{"path":"/Users/xuduo/projects/misaka/trunk/push-server/lib/client/push-client.js","s":{"1":1,"2":1,"3":1,"4":1,"5":1,"6":1,"7":1,"8":1,"9":10,"10":5,"11":5,"12":5,"13":0,"14":5,"15":5,"16":5,"17":5,"18":5,"19":5,"20":1,"21":4,"22":4,"23":4,"24":5,"25":5,"26":5,"27":13,"28":13,"29":5,"30":16,"31":16,"32":5,"33":13,"34":13,"35":5,"36":5,"37":5,"38":5,"39":5,"40":5,"41":1,"42":17,"43":1,"44":8,"45":1,"46":5,"47":1,"48":1,"49":13,"50":13,"51":13,"52":1,"53":20,"54":20,"55":20,"56":20,"57":20,"58":5,"59":3,"60":2,"61":2,"62":1,"63":1,"64":1,"65":6,"66":1,"67":5,"68":1,"69":18,"70":18,"71":18,"72":12,"73":6,"74":18,"75":18,"76":18,"77":18,"78":1,"79":2,"80":2,"81":2,"82":1,"83":19,"84":19,"85":1,"86":1,"87":1,"88":1,"89":1,"90":1,"91":1,"92":0,"93":0},"b":{"1":[5,5],"2":[0,5],"3":[1,4],"4":[4,0],"5":[5,0],"6":[1,4],"7":[5,4],"8":[20,15],"9":[20,15],"10":[20,17],"11":[5,15],"12":[20,5],"13":[3,2],"14":[2,0],"15":[2,2],"16":[18,6],"17":[12,6],"18":[18,1,1]},"f":{"1":10,"2":13,"3":16,"4":13,"5":17,"6":8,"7":5,"8":13,"9":20,"10":1,"11":6,"12":5,"13":18,"14":2,"15":19,"16":1,"17":1,"18":0},"fnMap":{"1":{"name":"PushClient","line":9,"loc":{"start":{"line":9,"column":0},"end":{"line":9,"column":30}}},"2":{"name":"(anonymous_2)","line":31,"loc":{"start":{"line":31,"column":30},"end":{"line":31,"column":42}}},"3":{"name":"(anonymous_3)","line":36,"loc":{"start":{"line":36,"column":33},"end":{"line":36,"column":45}}},"4":{"name":"(anonymous_4)","line":41,"loc":{"start":{"line":41,"column":29},"end":{"line":41,"column":45}}},"5":{"name":"(anonymous_5)","line":57,"loc":{"start":{"line":57,"column":31},"end":{"line":57,"column":46}}},"6":{"name":"(anonymous_6)","line":62,"loc":{"start":{"line":62,"column":31},"end":{"line":62,"column":51}}},"7":{"name":"(anonymous_7)","line":67,"loc":{"start":{"line":67,"column":35},"end":{"line":67,"column":47}}},"8":{"name":"(anonymous_8)","line":74,"loc":{"start":{"line":74,"column":42},"end":{"line":74,"column":54}}},"9":{"name":"(anonymous_9)","line":87,"loc":{"start":{"line":87,"column":42},"end":{"line":87,"column":65}}},"10":{"name":"(anonymous_10)","line":101,"loc":{"start":{"line":101,"column":33},"end":{"line":101,"column":45}}},"11":{"name":"(anonymous_11)","line":105,"loc":{"start":{"line":105,"column":34},"end":{"line":105,"column":46}}},"12":{"name":"(anonymous_12)","line":109,"loc":{"start":{"line":109,"column":31},"end":{"line":109,"column":43}}},"13":{"name":"(anonymous_13)","line":114,"loc":{"start":{"line":114,"column":18},"end":{"line":114,"column":34}}},"14":{"name":"(anonymous_14)","line":128,"loc":{"start":{"line":128,"column":18},"end":{"line":128,"column":34}}},"15":{"name":"(anonymous_15)","line":134,"loc":{"start":{"line":134,"column":26},"end":{"line":134,"column":53}}},"16":{"name":"(anonymous_16)","line":139,"loc":{"start":{"line":139,"column":38},"end":{"line":139,"column":55}}},"17":{"name":"(anonymous_17)","line":144,"loc":{"start":{"line":144,"column":51},"end":{"line":144,"column":68}}},"18":{"name":"(anonymous_18)","line":149,"loc":{"start":{"line":149,"column":40},"end":{"line":149,"column":57}}}},"statementMap":{"1":{"start":{"line":1,"column":0},"end":{"line":1,"column":38}},"2":{"start":{"line":2,"column":0},"end":{"line":2,"column":43}},"3":{"start":{"line":3,"column":0},"end":{"line":3,"column":50}},"4":{"start":{"line":4,"column":0},"end":{"line":4,"column":17}},"5":{"start":{"line":5,"column":0},"end":{"line":5,"column":19}},"6":{"start":{"line":6,"column":0},"end":{"line":6,"column":24}},"7":{"start":{"line":7,"column":0},"end":{"line":7,"column":24}},"8":{"start":{"line":9,"column":0},"end":{"line":54,"column":1}},"9":{"start":{"line":10,"column":4},"end":{"line":10,"column":71}},"10":{"start":{"line":10,"column":39},"end":{"line":10,"column":71}},"11":{"start":{"line":11,"column":4},"end":{"line":11,"column":24}},"12":{"start":{"line":12,"column":4},"end":{"line":14,"column":5}},"13":{"start":{"line":13,"column":8},"end":{"line":13,"column":39}},"14":{"start":{"line":15,"column":4},"end":{"line":15,"column":15}},"15":{"start":{"line":16,"column":4},"end":{"line":16,"column":20}},"16":{"start":{"line":17,"column":4},"end":{"line":17,"column":21}},"17":{"start":{"line":18,"column":4},"end":{"line":18,"column":56}},"18":{"start":{"line":19,"column":4},"end":{"line":19,"column":23}},"19":{"start":{"line":20,"column":4},"end":{"line":27,"column":5}},"20":{"start":{"line":21,"column":8},"end":{"line":21,"column":33}},"21":{"start":{"line":23,"column":8},"end":{"line":23,"column":45}},"22":{"start":{"line":24,"column":8},"end":{"line":26,"column":9}},"23":{"start":{"line":25,"column":12},"end":{"line":25,"column":52}},"24":{"start":{"line":28,"column":4},"end":{"line":28,"column":40}},"25":{"start":{"line":30,"column":4},"end":{"line":30,"column":36}},"26":{"start":{"line":31,"column":4},"end":{"line":34,"column":18}},"27":{"start":{"line":32,"column":8},"end":{"line":32,"column":52}},"28":{"start":{"line":33,"column":8},"end":{"line":33,"column":34}},"29":{"start":{"line":36,"column":4},"end":{"line":39,"column":18}},"30":{"start":{"line":37,"column":8},"end":{"line":37,"column":47}},"31":{"start":{"line":38,"column":8},"end":{"line":38,"column":38}},"32":{"start":{"line":41,"column":4},"end":{"line":44,"column":7}},"33":{"start":{"line":42,"column":8},"end":{"line":42,"column":62}},"34":{"start":{"line":43,"column":8},"end":{"line":43,"column":69}},"35":{"start":{"line":46,"column":4},"end":{"line":46,"column":34}},"36":{"start":{"line":48,"column":4},"end":{"line":48,"column":51}},"37":{"start":{"line":49,"column":4},"end":{"line":49,"column":48}},"38":{"start":{"line":50,"column":4},"end":{"line":53,"column":5}},"39":{"start":{"line":51,"column":8},"end":{"line":51,"column":44}},"40":{"start":{"line":52,"column":8},"end":{"line":52,"column":58}},"41":{"start":{"line":57,"column":0},"end":{"line":59,"column":1}},"42":{"start":{"line":58,"column":4},"end":{"line":58,"column":70}},"43":{"start":{"line":62,"column":0},"end":{"line":64,"column":1}},"44":{"start":{"line":63,"column":4},"end":{"line":63,"column":68}},"45":{"start":{"line":67,"column":0},"end":{"line":71,"column":1}},"46":{"start":{"line":68,"column":4},"end":{"line":70,"column":5}},"47":{"start":{"line":69,"column":8},"end":{"line":69,"column":51}},"48":{"start":{"line":74,"column":0},"end":{"line":85,"column":1}},"49":{"start":{"line":75,"column":4},"end":{"line":75,"column":42}},"50":{"start":{"line":76,"column":4},"end":{"line":76,"column":56}},"51":{"start":{"line":77,"column":4},"end":{"line":84,"column":7}},"52":{"start":{"line":87,"column":0},"end":{"line":99,"column":1}},"53":{"start":{"line":88,"column":4},"end":{"line":88,"column":31}},"54":{"start":{"line":89,"column":4},"end":{"line":89,"column":33}},"55":{"start":{"line":90,"column":4},"end":{"line":90,"column":41}},"56":{"start":{"line":91,"column":4},"end":{"line":91,"column":72}},"57":{"start":{"line":92,"column":4},"end":{"line":98,"column":5}},"58":{"start":{"line":93,"column":8},"end":{"line":97,"column":9}},"59":{"start":{"line":94,"column":12},"end":{"line":94,"column":46}},"60":{"start":{"line":95,"column":15},"end":{"line":97,"column":9}},"61":{"start":{"line":96,"column":12},"end":{"line":96,"column":49}},"62":{"start":{"line":101,"column":0},"end":{"line":103,"column":1}},"63":{"start":{"line":102,"column":4},"end":{"line":102,"column":34}},"64":{"start":{"line":105,"column":0},"end":{"line":107,"column":1}},"65":{"start":{"line":106,"column":4},"end":{"line":106,"column":29}},"66":{"start":{"line":109,"column":0},"end":{"line":111,"column":1}},"67":{"start":{"line":110,"column":4},"end":{"line":110,"column":26}},"68":{"start":{"line":114,"column":0},"end":{"line":126,"column":1}},"69":{"start":{"line":115,"column":4},"end":{"line":115,"column":17}},"70":{"start":{"line":116,"column":4},"end":{"line":116,"column":41}},"71":{"start":{"line":117,"column":4},"end":{"line":121,"column":5}},"72":{"start":{"line":118,"column":8},"end":{"line":118,"column":75}},"73":{"start":{"line":120,"column":8},"end":{"line":120,"column":26}},"74":{"start":{"line":122,"column":4},"end":{"line":122,"column":43}},"75":{"start":{"line":123,"column":4},"end":{"line":123,"column":41}},"76":{"start":{"line":124,"column":4},"end":{"line":124,"column":87}},"77":{"start":{"line":125,"column":4},"end":{"line":125,"column":45}},"78":{"start":{"line":128,"column":0},"end":{"line":132,"column":1}},"79":{"start":{"line":129,"column":4},"end":{"line":129,"column":61}},"80":{"start":{"line":130,"column":4},"end":{"line":130,"column":45}},"81":{"start":{"line":131,"column":4},"end":{"line":131,"column":42}},"82":{"start":{"line":134,"column":0},"end":{"line":137,"column":2}},"83":{"start":{"line":135,"column":4},"end":{"line":135,"column":41}},"84":{"start":{"line":136,"column":4},"end":{"line":136,"column":35}},"85":{"start":{"line":139,"column":0},"end":{"line":142,"column":2}},"86":{"start":{"line":140,"column":4},"end":{"line":140,"column":41}},"87":{"start":{"line":141,"column":4},"end":{"line":141,"column":55}},"88":{"start":{"line":144,"column":0},"end":{"line":147,"column":2}},"89":{"start":{"line":145,"column":4},"end":{"line":145,"column":36}},"90":{"start":{"line":146,"column":4},"end":{"line":146,"column":55}},"91":{"start":{"line":149,"column":0},"end":{"line":152,"column":1}},"92":{"start":{"line":150,"column":4},"end":{"line":150,"column":30}},"93":{"start":{"line":151,"column":4},"end":{"line":151,"column":57}}},"branchMap":{"1":{"line":10,"type":"if","locations":[{"start":{"line":10,"column":4},"end":{"line":10,"column":4}},{"start":{"line":10,"column":4},"end":{"line":10,"column":4}}]},"2":{"line":12,"type":"if","locations":[{"start":{"line":12,"column":4},"end":{"line":12,"column":4}},{"start":{"line":12,"column":4},"end":{"line":12,"column":4}}]},"3":{"line":20,"type":"if","locations":[{"start":{"line":20,"column":4},"end":{"line":20,"column":4}},{"start":{"line":20,"column":4},"end":{"line":20,"column":4}}]},"4":{"line":24,"type":"if","locations":[{"start":{"line":24,"column":8},"end":{"line":24,"column":8}},{"start":{"line":24,"column":8},"end":{"line":24,"column":8}}]},"5":{"line":50,"type":"if","locations":[{"start":{"line":50,"column":4},"end":{"line":50,"column":4}},{"start":{"line":50,"column":4},"end":{"line":50,"column":4}}]},"6":{"line":68,"type":"if","locations":[{"start":{"line":68,"column":4},"end":{"line":68,"column":4}},{"start":{"line":68,"column":4},"end":{"line":68,"column":4}}]},"7":{"line":68,"type":"binary-expr","locations":[{"start":{"line":68,"column":8},"end":{"line":68,"column":43}},{"start":{"line":68,"column":47},"end":{"line":68,"column":68}}]},"8":{"line":88,"type":"binary-expr","locations":[{"start":{"line":88,"column":13},"end":{"line":88,"column":20}},{"start":{"line":88,"column":24},"end":{"line":88,"column":30}}]},"9":{"line":89,"type":"binary-expr","locations":[{"start":{"line":89,"column":14},"end":{"line":89,"column":22}},{"start":{"line":89,"column":26},"end":{"line":89,"column":32}}]},"10":{"line":90,"type":"binary-expr","locations":[{"start":{"line":90,"column":18},"end":{"line":90,"column":30}},{"start":{"line":90,"column":34},"end":{"line":90,"column":40}}]},"11":{"line":92,"type":"if","locations":[{"start":{"line":92,"column":4},"end":{"line":92,"column":4}},{"start":{"line":92,"column":4},"end":{"line":92,"column":4}}]},"12":{"line":92,"type":"binary-expr","locations":[{"start":{"line":92,"column":8},"end":{"line":92,"column":10}},{"start":{"line":92,"column":14},"end":{"line":92,"column":17}}]},"13":{"line":93,"type":"if","locations":[{"start":{"line":93,"column":8},"end":{"line":93,"column":8}},{"start":{"line":93,"column":8},"end":{"line":93,"column":8}}]},"14":{"line":95,"type":"if","locations":[{"start":{"line":95,"column":15},"end":{"line":95,"column":15}},{"start":{"line":95,"column":15},"end":{"line":95,"column":15}}]},"15":{"line":95,"type":"binary-expr","locations":[{"start":{"line":95,"column":19},"end":{"line":95,"column":32}},{"start":{"line":95,"column":36},"end":{"line":95,"column":59}}]},"16":{"line":116,"type":"binary-expr","locations":[{"start":{"line":116,"column":21},"end":{"line":116,"column":30}},{"start":{"line":116,"column":34},"end":{"line":116,"column":40}}]},"17":{"line":117,"type":"if","locations":[{"start":{"line":117,"column":4},"end":{"line":117,"column":4}},{"start":{"line":117,"column":4},"end":{"line":117,"column":4}}]},"18":{"line":122,"type":"binary-expr","locations":[{"start":{"line":122,"column":16},"end":{"line":122,"column":26}},{"start":{"line":122,"column":30},"end":{"line":122,"column":36}},{"start":{"line":122,"column":40},"end":{"line":122,"column":42}}]}}},"/Users/xuduo/projects/misaka/trunk/push-server/lib/client/localStorage.js":{"path":"/Users/xuduo/projects/misaka/trunk/push-server/lib/client/localStorage.js","s":{"1":1,"2":1,"3":2,"4":1,"5":1,"6":1,"7":17,"8":1,"9":8},"b":{"1":[1,1]},"f":{"1":2,"2":17,"3":8},"fnMap":{"1":{"name":"LocalStorage","line":3,"loc":{"start":{"line":3,"column":0},"end":{"line":3,"column":24}}},"2":{"name":"(anonymous_2)","line":9,"loc":{"start":{"line":9,"column":33},"end":{"line":9,"column":48}}},"3":{"name":"(anonymous_3)","line":14,"loc":{"start":{"line":14,"column":33},"end":{"line":14,"column":53}}}},"statementMap":{"1":{"start":{"line":1,"column":0},"end":{"line":1,"column":40}},"2":{"start":{"line":3,"column":0},"end":{"line":6,"column":1}},"3":{"start":{"line":4,"column":4},"end":{"line":4,"column":67}},"4":{"start":{"line":4,"column":41},"end":{"line":4,"column":67}},"5":{"start":{"line":5,"column":4},"end":{"line":5,"column":20}},"6":{"start":{"line":9,"column":0},"end":{"line":11,"column":1}},"7":{"start":{"line":10,"column":4},"end":{"line":10,"column":27}},"8":{"start":{"line":14,"column":0},"end":{"line":16,"column":1}},"9":{"start":{"line":15,"column":4},"end":{"line":15,"column":26}}},"branchMap":{"1":{"line":4,"type":"if","locations":[{"start":{"line":4,"column":4},"end":{"line":4,"column":4}},{"start":{"line":4,"column":4},"end":{"line":4,"column":4}}]}}}}