TN:
SF:/Users/xuduo/projects/misaka/trunk/push-server/config.js
FN:32,(anonymous_1)
FNF:1
FNH:1
FNDA:20,(anonymous_1)
DA:1,1
DA:3,1
DA:4,1
DA:6,1
DA:23,1
DA:28,1
DA:32,1
DA:33,20
DA:34,20
DA:35,20
DA:39,1
DA:63,1
DA:64,1
DA:66,1
LF:14
LH:14
BRDA:33,1,0,20
BRDA:33,1,1,20
BRF:2
BRH:2
end_of_record
TN:
SF:/Users/xuduo/projects/misaka/trunk/push-server/lib/stats/moving-sum.js
FN:4,MovingSum
FN:8,(anonymous_2)
FN:12,(anonymous_3)
FN:15,(anonymous_4)
FN:21,(anonymous_5)
FN:22,(anonymous_6)
FNF:6
FNH:6
FNDA:11,MovingSum
FNDA:55,(anonymous_2)
FNDA:6,(anonymous_3)
FNDA:10,(anonymous_4)
FNDA:32,(anonymous_5)
FNDA:54,(anonymous_6)
DA:1,1
DA:4,1
DA:5,11
DA:8,1
DA:9,55
DA:12,1
DA:13,6
DA:14,6
DA:15,6
DA:16,10
DA:18,6
DA:19,6
DA:20,6
DA:21,6
DA:22,32
DA:23,54
DA:24,10
DA:25,10
DA:26,6
DA:31,6
DA:32,5
DA:34,6
LF:22
LH:22
BRDA:23,1,0,10
BRDA:23,1,1,44
BRDA:23,2,0,54
BRDA:23,2,1,35
BRDA:25,3,0,6
BRDA:25,3,1,4
BRDA:31,4,0,5
BRDA:31,4,1,1
BRF:8
BRH:8
end_of_record
TN:
SF:/Users/xuduo/projects/misaka/trunk/push-server/lib/redis/redisAdapter.js
FN:27,adapter
FN:64,Redis
FN:73,(anonymous_3)
FN:91,(anonymous_4)
FN:132,(anonymous_5)
FN:138,(anonymous_6)
FN:157,(anonymous_7)
FN:170,(anonymous_8)
FN:190,(anonymous_9)
FN:198,(anonymous_10)
FN:219,(anonymous_11)
FN:229,(anonymous_12)
FN:231,(anonymous_13)
FNF:13
FNH:13
FNDA:17,adapter
FNDA:17,Redis
FNDA:17,(anonymous_3)
FNDA:23,(anonymous_4)
FNDA:113,(anonymous_5)
FNDA:106,(anonymous_6)
FNDA:62,(anonymous_7)
FNDA:31,(anonymous_8)
FNDA:61,(anonymous_9)
FNDA:57,(anonymous_10)
FNDA:26,(anonymous_11)
FNDA:60,(anonymous_12)
FNDA:26,(anonymous_13)
DA:5,1
DA:6,1
DA:7,1
DA:8,1
DA:9,1
DA:11,1
DA:17,1
DA:27,1
DA:28,17
DA:31,17
DA:32,17
DA:33,17
DA:37,17
DA:38,0
DA:39,0
DA:40,0
DA:44,17
DA:45,17
DA:46,17
DA:47,17
DA:48,17
DA:51,17
DA:52,17
DA:55,17
DA:64,1
DA:66,17
DA:68,17
DA:69,17
DA:70,17
DA:72,17
DA:73,17
DA:74,17
DA:76,17
DA:83,17
DA:91,17
DA:93,23
DA:94,0
DA:97,23
DA:98,0
DA:101,23
DA:102,23
DA:104,23
DA:105,17
DA:108,6
DA:110,6
DA:111,0
DA:114,6
DA:115,0
DA:118,6
DA:120,6
DA:132,17
DA:133,113
DA:134,113
DA:135,107
DA:136,107
DA:137,107
DA:138,106
DA:139,106
DA:140,106
DA:143,1
DA:157,17
DA:158,62
DA:159,62
DA:160,62
DA:161,62
DA:162,62
DA:163,26
DA:165,36
DA:166,5
DA:167,5
DA:168,5
DA:170,31
DA:171,31
DA:172,0
DA:173,0
DA:174,0
DA:175,0
DA:177,31
DA:190,17
DA:191,61
DA:192,61
DA:193,61
DA:195,61
DA:197,57
DA:198,57
DA:199,57
DA:200,0
DA:201,0
DA:202,0
DA:204,57
DA:207,4
DA:219,17
DA:220,26
DA:221,26
DA:222,26
DA:224,26
DA:225,0
DA:226,0
DA:229,26
DA:230,60
DA:232,26
DA:233,0
DA:234,0
DA:235,0
DA:237,26
DA:238,26
DA:242,17
DA:243,17
DA:244,17
DA:245,17
DA:247,17
LF:111
LH:92
BRDA:28,1,0,17
BRDA:28,1,1,17
BRDA:31,2,0,17
BRDA:31,2,1,0
BRDA:37,3,0,0
BRDA:37,3,1,17
BRDA:44,4,0,17
BRDA:44,4,1,17
BRDA:45,5,0,17
BRDA:45,5,1,17
BRDA:48,6,0,17
BRDA:48,6,1,17
BRDA:51,7,0,0
BRDA:51,7,1,17
BRDA:52,8,0,0
BRDA:52,8,1,17
BRDA:74,9,0,0
BRDA:74,9,1,17
BRDA:93,10,0,0
BRDA:93,10,1,23
BRDA:93,11,0,23
BRDA:93,11,1,19
BRDA:97,12,0,0
BRDA:97,12,1,23
BRDA:104,13,0,17
BRDA:104,13,1,6
BRDA:110,14,0,0
BRDA:110,14,1,6
BRDA:110,15,0,6
BRDA:110,15,1,6
BRDA:114,16,0,0
BRDA:114,16,1,6
BRDA:114,17,0,6
BRDA:114,17,1,6
BRDA:134,18,0,107
BRDA:134,18,1,6
BRDA:137,19,0,106
BRDA:137,19,1,1
BRDA:159,20,0,62
BRDA:159,20,1,5
BRDA:162,21,0,26
BRDA:162,21,1,36
BRDA:165,22,0,5
BRDA:165,22,1,31
BRDA:167,23,0,5
BRDA:167,23,1,0
BRDA:171,24,0,0
BRDA:171,24,1,31
BRDA:174,25,0,0
BRDA:174,25,1,0
BRDA:177,26,0,31
BRDA:177,26,1,0
BRDA:195,27,0,57
BRDA:195,27,1,4
BRDA:195,28,0,61
BRDA:195,28,1,61
BRDA:199,29,0,0
BRDA:199,29,1,57
BRDA:201,30,0,0
BRDA:201,30,1,0
BRDA:204,31,0,57
BRDA:204,31,1,0
BRDA:207,32,0,4
BRDA:207,32,1,0
BRDA:224,33,0,0
BRDA:224,33,1,26
BRDA:225,34,0,0
BRDA:225,34,1,0
BRDA:232,35,0,0
BRDA:232,35,1,26
BRDA:234,36,0,0
BRDA:234,36,1,0
BRDA:238,37,0,0
BRDA:238,37,1,26
BRF:74
BRH:48
end_of_record
TN:
SF:/Users/xuduo/projects/misaka/trunk/push-server/lib/log/index.js
FN:7,(anonymous_1)
FN:13,setArgs
FN:47,(anonymous_3)
FN:74,(anonymous_4)
FN:81,(anonymous_5)
FN:83,(anonymous_6)
FN:100,Logger
FNF:7
FNH:7
FNDA:682,(anonymous_1)
FNDA:1,setArgs
FNDA:1364,(anonymous_3)
FNDA:16,(anonymous_4)
FNDA:4,(anonymous_5)
FNDA:340,(anonymous_6)
FNDA:16,Logger
DA:1,1
DA:2,1
DA:4,1
DA:5,1
DA:6,1
DA:7,1
DA:8,682
DA:11,1
DA:13,1
DA:14,1
DA:15,1
DA:17,1
DA:18,1
DA:20,1
DA:21,0
DA:24,1
DA:25,0
DA:26,0
DA:30,1
DA:31,1
DA:32,1
DA:33,0
DA:34,0
DA:36,0
DA:39,1
DA:48,1364
DA:53,1
DA:55,1
DA:56,1
DA:57,1
DA:58,1
DA:60,1
DA:61,1
DA:62,1
DA:63,1
DA:64,1
DA:65,1
DA:66,1
DA:69,1
DA:74,1
DA:75,16
DA:76,16
DA:79,1
DA:81,1
DA:83,4
DA:84,340
DA:85,340
DA:86,340
DA:87,340
DA:88,340
DA:94,1
DA:100,1
DA:101,16
DA:102,16
DA:103,1
DA:105,16
DA:106,0
DA:107,0
DA:109,0
DA:113,1
LF:60
LH:51
BRDA:8,1,0,682
BRDA:8,1,1,0
BRDA:14,2,0,1
BRDA:14,2,1,0
BRDA:17,3,0,1
BRDA:17,3,1,0
BRDA:20,4,0,0
BRDA:20,4,1,1
BRDA:24,5,0,0
BRDA:24,5,1,1
BRDA:25,6,0,0
BRDA:25,6,1,0
BRDA:31,7,0,1
BRDA:31,7,1,0
BRDA:33,8,0,0
BRDA:33,8,1,0
BRDA:60,9,0,1
BRDA:60,9,1,0
BRDA:84,10,0,340
BRDA:84,10,1,0
BRDA:101,11,0,16
BRDA:101,11,1,0
BRDA:102,12,0,1
BRDA:102,12,1,15
BRDA:106,13,0,0
BRDA:106,13,1,0
BRF:26
BRH:11
end_of_record
TN:
SF:/Users/xuduo/projects/misaka/trunk/push-server/lib/stats/topicOnline.js
FN:5,filterTopic
FN:17,topicOnline
FN:26,(anonymous_3)
FN:38,(anonymous_4)
FN:48,(anonymous_5)
FN:51,(anonymous_6)
FNF:6
FNH:5
FNDA:4,filterTopic
FNDA:4,topicOnline
FNDA:0,(anonymous_3)
FNDA:2,(anonymous_4)
FNDA:4,(anonymous_5)
FNDA:4,(anonymous_6)
DA:1,1
DA:3,1
DA:5,1
DA:6,4
DA:7,0
DA:9,4
DA:10,6
DA:11,2
DA:14,2
DA:17,1
DA:18,4
DA:19,2
DA:20,2
DA:21,2
DA:22,2
DA:23,2
DA:24,2
DA:25,2
DA:26,2
DA:27,0
DA:28,0
DA:29,0
DA:30,0
DA:31,0
DA:32,0
DA:38,1
DA:39,2
DA:40,2
DA:41,4
DA:42,2
DA:43,2
DA:48,1
DA:49,4
DA:50,4
DA:51,4
DA:52,4
DA:53,2
DA:54,2
DA:55,4
DA:56,4
DA:57,2
DA:59,2
DA:62,2
DA:63,1
DA:66,4
DA:67,4
LF:46
LH:39
BRDA:6,1,0,0
BRDA:6,1,1,4
BRDA:6,2,0,4
BRDA:6,2,1,4
BRDA:10,3,0,2
BRDA:10,3,1,4
BRDA:18,4,0,2
BRDA:18,4,1,2
BRDA:29,5,0,0
BRDA:29,5,1,0
BRDA:29,6,0,0
BRDA:29,6,1,0
BRDA:41,7,0,2
BRDA:41,7,1,2
BRDA:41,8,0,4
BRDA:41,8,1,4
BRDA:52,9,0,2
BRDA:52,9,1,2
BRDA:56,10,0,2
BRDA:56,10,1,2
BRDA:62,11,0,1
BRDA:62,11,1,1
BRF:22
BRH:17
end_of_record
TN:
SF:/Users/xuduo/projects/misaka/trunk/push-server/lib/push-server.js
FN:3,PushServer
FN:54,(anonymous_2)
FNF:2
FNH:2
FNDA:14,PushServer
FNDA:7,(anonymous_2)
DA:1,1
DA:3,1
DA:4,14
DA:5,7
DA:6,7
DA:7,7
DA:8,7
DA:9,7
DA:11,7
DA:13,7
DA:18,7
DA:19,7
DA:20,7
DA:21,7
DA:22,7
DA:23,7
DA:25,7
DA:26,7
DA:27,7
DA:28,7
DA:29,7
DA:30,7
DA:31,7
DA:32,7
DA:33,0
DA:35,7
DA:36,5
DA:37,5
DA:38,5
DA:39,5
DA:40,5
DA:42,5
DA:43,5
DA:44,5
DA:46,5
DA:47,5
DA:48,5
DA:50,5
DA:54,1
DA:55,7
DA:56,7
DA:57,5
LF:42
LH:41
BRDA:4,1,0,7
BRDA:4,1,1,7
BRDA:6,2,0,7
BRDA:6,2,1,7
BRDA:32,3,0,0
BRDA:32,3,1,7
BRDA:35,4,0,5
BRDA:35,4,1,2
BRDA:38,5,0,5
BRDA:38,5,1,0
BRDA:42,6,0,5
BRDA:42,6,1,0
BRDA:46,7,0,5
BRDA:46,7,1,0
BRDA:56,8,0,5
BRDA:56,8,1,2
BRF:16
BRH:12
end_of_record
TN:
SF:/Users/xuduo/projects/misaka/trunk/push-server/lib/redis/simpleRedisHashCluster.js
FN:11,SimpleRedisHashCluster
FN:36,(anonymous_2)
FN:48,getClientsFromSentinel
FN:51,(anonymous_4)
FN:56,(anonymous_5)
FN:62,(anonymous_6)
FN:66,(anonymous_7)
FN:67,(anonymous_8)
FN:82,getClientsFromIpList
FN:85,(anonymous_10)
FN:89,(anonymous_11)
FN:95,(anonymous_12)
FN:99,(anonymous_13)
FN:100,(anonymous_14)
FN:115,(anonymous_15)
FN:117,(anonymous_16)
FN:124,(anonymous_17)
FN:126,(anonymous_18)
FN:132,(anonymous_19)
FN:141,(anonymous_20)
FN:143,(anonymous_21)
FN:150,(anonymous_22)
FN:152,(anonymous_23)
FN:158,handleCommand
FN:167,(anonymous_25)
FN:173,(anonymous_26)
FN:184,(anonymous_27)
FN:186,(anonymous_28)
FN:187,(anonymous_29)
FN:192,(anonymous_30)
FN:198,toArray
FNF:31
FNH:18
FNDA:16,SimpleRedisHashCluster
FNDA:8,(anonymous_2)
FNDA:0,getClientsFromSentinel
FNDA:0,(anonymous_4)
FNDA:0,(anonymous_5)
FNDA:0,(anonymous_6)
FNDA:0,(anonymous_7)
FNDA:0,(anonymous_8)
FNDA:40,getClientsFromIpList
FNDA:40,(anonymous_10)
FNDA:0,(anonymous_11)
FNDA:0,(anonymous_12)
FNDA:19,(anonymous_13)
FNDA:38,(anonymous_14)
FNDA:172,(anonymous_15)
FNDA:81,(anonymous_16)
FNDA:1,(anonymous_17)
FNDA:130,(anonymous_18)
FNDA:104,(anonymous_19)
FNDA:2,(anonymous_20)
FNDA:84,(anonymous_21)
FNDA:5,(anonymous_22)
FNDA:79,(anonymous_23)
FNDA:374,handleCommand
FNDA:0,(anonymous_25)
FNDA:14,(anonymous_26)
FNDA:0,(anonymous_27)
FNDA:0,(anonymous_28)
FNDA:0,(anonymous_29)
FNDA:0,(anonymous_30)
FNDA:374,toArray
DA:1,1
DA:3,1
DA:4,1
DA:5,1
DA:6,1
DA:8,1
DA:9,1
DA:11,1
DA:12,16
DA:13,8
DA:14,8
DA:15,8
DA:16,8
DA:17,8
DA:18,0
DA:19,0
DA:21,8
DA:23,8
DA:24,8
DA:25,8
DA:26,8
DA:27,8
DA:29,0
DA:30,0
DA:34,8
DA:35,8
DA:36,8
DA:37,8
DA:38,8
DA:39,8
DA:41,0
DA:42,0
DA:48,1
DA:49,0
DA:50,0
DA:51,0
DA:52,0
DA:57,0
DA:58,0
DA:62,0
DA:63,0
DA:65,0
DA:66,0
DA:67,0
DA:68,0
DA:69,0
DA:71,0
DA:76,0
DA:79,0
DA:82,1
DA:83,40
DA:84,40
DA:85,40
DA:86,40
DA:90,0
DA:91,0
DA:95,40
DA:96,0
DA:98,40
DA:99,8
DA:100,19
DA:101,38
DA:102,38
DA:104,0
DA:109,40
DA:112,40
DA:115,1
DA:117,172
DA:118,81
DA:119,81
DA:124,1
DA:126,1
DA:127,130
DA:128,26
DA:129,26
DA:131,104
DA:132,104
DA:133,104
DA:134,104
DA:141,1
DA:143,2
DA:144,84
DA:145,84
DA:150,1
DA:152,5
DA:153,79
DA:154,79
DA:158,1
DA:159,374
DA:160,0
DA:161,0
DA:164,374
DA:167,1
DA:168,0
DA:169,0
DA:173,1
DA:174,14
DA:175,14
DA:177,0
DA:178,0
DA:179,0
DA:184,1
DA:185,0
DA:186,0
DA:187,0
DA:188,0
DA:191,0
DA:192,0
DA:193,0
DA:195,0
DA:198,1
DA:199,374
DA:202,374
DA:203,755
DA:206,374
LF:115
LH:74
BRDA:12,1,0,8
BRDA:12,1,1,8
BRDA:17,2,0,0
BRDA:17,2,1,8
BRDA:24,3,0,8
BRDA:24,3,1,0
BRDA:25,4,0,8
BRDA:25,4,1,0
BRDA:35,5,0,8
BRDA:35,5,1,0
BRDA:37,6,0,8
BRDA:37,6,1,0
BRDA:50,7,0,0
BRDA:50,7,1,0
BRDA:65,8,0,0
BRDA:65,8,1,0
BRDA:84,9,0,40
BRDA:84,9,1,0
BRDA:98,10,0,8
BRDA:98,10,1,32
BRDA:127,11,0,26
BRDA:127,11,1,104
BRDA:159,12,0,0
BRDA:159,12,1,374
BRDA:174,13,0,14
BRDA:174,13,1,0
BRDA:188,14,0,0
BRDA:188,14,1,0
BRDA:193,15,0,0
BRDA:193,15,1,0
BRF:30
BRH:14
end_of_record
TN:
SF:/Users/xuduo/projects/misaka/trunk/push-server/lib/util/util.js
FN:2,(anonymous_1)
FNF:1
FNH:1
FNDA:374,(anonymous_1)
DA:1,1
DA:3,374
DA:4,0
DA:6,374
DA:7,374
DA:9,0
DA:10,0
DA:11,0
DA:12,0
DA:13,0
DA:14,0
DA:16,0
DA:17,0
LF:13
LH:4
BRDA:3,1,0,0
BRDA:3,1,1,374
BRDA:3,2,0,374
BRDA:3,2,1,374
BRDA:6,3,0,374
BRDA:6,3,1,0
BRDA:10,4,0,0
BRDA:10,4,1,0
BRF:8
BRH:4
end_of_record
TN:
SF:/Users/xuduo/projects/misaka/trunk/push-server/lib/stats/stats.js
FN:6,Stats
FN:23,(anonymous_2)
FN:37,(anonymous_3)
FN:47,(anonymous_4)
FN:58,(anonymous_5)
FN:70,(anonymous_6)
FN:77,(anonymous_7)
FN:82,(anonymous_8)
FN:87,(anonymous_9)
FN:92,(anonymous_10)
FN:100,(anonymous_11)
FN:115,(anonymous_12)
FN:124,hourStrip
FN:128,(anonymous_14)
FN:135,(anonymous_15)
FN:144,(anonymous_16)
FN:154,(anonymous_17)
FN:155,(anonymous_18)
FN:189,(anonymous_19)
FN:198,(anonymous_20)
FN:199,(anonymous_21)
FN:201,(anonymous_22)
FN:209,(anonymous_23)
FN:217,(anonymous_24)
FN:237,(anonymous_25)
FNF:25
FNH:9
FNDA:7,Stats
FNDA:0,(anonymous_2)
FNDA:52,(anonymous_3)
FNDA:13,(anonymous_4)
FNDA:16,(anonymous_5)
FNDA:33,(anonymous_6)
FNDA:0,(anonymous_7)
FNDA:0,(anonymous_8)
FNDA:0,(anonymous_9)
FNDA:16,(anonymous_10)
FNDA:0,(anonymous_11)
FNDA:16,(anonymous_12)
FNDA:33,hourStrip
FNDA:33,(anonymous_14)
FNDA:0,(anonymous_15)
FNDA:0,(anonymous_16)
FNDA:0,(anonymous_17)
FNDA:0,(anonymous_18)
FNDA:0,(anonymous_19)
FNDA:0,(anonymous_20)
FNDA:0,(anonymous_21)
FNDA:0,(anonymous_22)
FNDA:0,(anonymous_23)
FNDA:0,(anonymous_24)
FNDA:0,(anonymous_25)
DA:1,1
DA:3,1
DA:4,1
DA:6,1
DA:7,7
DA:8,7
DA:9,7
DA:10,7
DA:11,7
DA:12,7
DA:13,7
DA:14,7
DA:15,7
DA:16,7
DA:17,7
DA:18,7
DA:20,7
DA:21,7
DA:22,7
DA:23,7
DA:24,0
DA:25,0
DA:26,0
DA:34,7
DA:37,1
DA:38,52
DA:39,0
DA:40,0
DA:41,0
DA:43,52
DA:47,1
DA:48,13
DA:49,13
DA:51,13
DA:52,0
DA:53,13
DA:54,0
DA:58,1
DA:59,16
DA:60,16
DA:62,16
DA:63,0
DA:64,16
DA:65,0
DA:70,1
DA:71,33
DA:72,33
DA:73,33
DA:74,33
DA:77,1
DA:78,0
DA:79,0
DA:82,1
DA:83,0
DA:84,0
DA:87,1
DA:88,0
DA:89,0
DA:92,1
DA:93,16
DA:94,16
DA:96,16
DA:98,16
DA:100,16
DA:101,0
DA:102,0
DA:103,0
DA:104,0
DA:105,0
DA:106,0
DA:107,0
DA:108,0
DA:109,0
DA:115,1
DA:116,16
DA:117,16
DA:119,16
DA:122,1
DA:124,1
DA:125,33
DA:128,1
DA:129,33
DA:130,33
DA:131,33
DA:132,33
DA:135,1
DA:136,0
DA:137,0
DA:138,0
DA:139,0
DA:140,0
DA:144,1
DA:145,0
DA:146,0
DA:147,0
DA:148,0
DA:149,0
DA:150,0
DA:154,1
DA:155,0
DA:156,0
DA:157,0
DA:158,0
DA:159,0
DA:160,0
DA:161,0
DA:162,0
DA:163,0
DA:164,0
DA:165,0
DA:166,0
DA:167,0
DA:168,0
DA:169,0
DA:170,0
DA:171,0
DA:172,0
DA:173,0
DA:183,0
DA:190,0
DA:191,0
DA:192,0
DA:198,1
DA:199,0
DA:200,0
DA:201,0
DA:202,0
DA:204,0
DA:209,1
DA:210,0
DA:211,0
DA:212,0
DA:213,0
DA:214,0
DA:217,1
DA:218,0
DA:219,0
DA:220,0
DA:221,0
DA:222,0
DA:223,0
DA:224,0
DA:225,0
DA:226,0
DA:227,0
DA:228,0
DA:229,0
DA:230,0
DA:231,0
DA:234,0
DA:235,0
DA:237,0
DA:238,0
DA:239,0
DA:241,0
DA:242,0
DA:244,0
DA:245,0
DA:246,0
DA:247,0
DA:249,0
DA:250,0
DA:251,0
DA:252,0
DA:253,0
DA:255,0
DA:257,0
DA:258,0
DA:259,0
DA:260,0
DA:261,0
DA:262,0
DA:264,0
DA:265,0
DA:266,0
DA:267,0
DA:268,0
DA:269,0
DA:270,0
DA:271,0
DA:272,0
DA:273,0
DA:275,0
DA:276,0
DA:277,0
DA:278,0
DA:279,0
DA:280,0
DA:284,0
DA:285,0
DA:286,0
DA:288,0
DA:298,0
DA:309,0
LF:194
LH:66
BRDA:7,1,0,0
BRDA:7,1,1,7
BRDA:17,2,0,7
BRDA:17,2,1,0
BRDA:21,3,0,7
BRDA:21,3,1,0
BRDA:38,4,0,0
BRDA:38,4,1,52
BRDA:38,5,0,52
BRDA:38,5,1,0
BRDA:38,5,2,0
BRDA:48,6,0,13
BRDA:48,6,1,0
BRDA:51,7,0,0
BRDA:51,7,1,13
BRDA:53,8,0,0
BRDA:53,8,1,13
BRDA:59,9,0,16
BRDA:59,9,1,0
BRDA:62,10,0,0
BRDA:62,10,1,16
BRDA:64,11,0,0
BRDA:64,11,1,16
BRDA:93,12,0,16
BRDA:93,12,1,0
BRDA:104,13,0,0
BRDA:104,13,1,0
BRDA:104,14,0,0
BRDA:104,14,1,0
BRDA:116,15,0,16
BRDA:116,15,1,0
BRDA:136,16,0,0
BRDA:136,16,1,0
BRDA:147,17,0,0
BRDA:147,17,1,0
BRDA:166,18,0,0
BRDA:166,18,1,0
BRDA:170,19,0,0
BRDA:170,19,1,0
BRDA:171,20,0,0
BRDA:171,20,1,0
BRDA:172,21,0,0
BRDA:172,21,1,0
BRDA:190,22,0,0
BRDA:190,22,1,0
BRDA:191,23,0,0
BRDA:191,23,1,0
BRDA:212,24,0,0
BRDA:212,24,1,0
BRDA:213,25,0,0
BRDA:213,25,1,0
BRDA:238,26,0,0
BRDA:238,26,1,0
BRDA:241,27,0,0
BRDA:241,27,1,0
BRDA:257,28,0,0
BRDA:257,28,1,0
BRDA:258,29,0,0
BRDA:258,29,1,0
BRDA:259,30,0,0
BRDA:259,30,1,0
BRDA:260,31,0,0
BRDA:260,31,1,0
BRDA:261,32,0,0
BRDA:261,32,1,0
BRDA:271,33,0,0
BRDA:271,33,1,0
BRDA:272,34,0,0
BRDA:272,34,1,0
BRDA:275,35,0,0
BRDA:275,35,1,0
BRDA:276,36,0,0
BRDA:276,36,1,0
BRDA:277,37,0,0
BRDA:277,37,1,0
BRDA:284,38,0,0
BRDA:284,38,1,0
BRF:77
BRH:13
end_of_record
TN:
SF:/Users/xuduo/projects/misaka/trunk/push-server/lib/stats/redisIncrBuffer.js
FN:3,RedisIncrBuffer
FN:11,(anonymous_2)
FN:17,(anonymous_3)
FNF:3
FNH:3
FNDA:14,RedisIncrBuffer
FNDA:33,(anonymous_2)
FNDA:33,(anonymous_3)
DA:1,1
DA:3,1
DA:4,14
DA:5,7
DA:6,7
DA:7,7
DA:8,7
DA:11,1
DA:12,33
DA:13,33
DA:14,33
DA:17,1
DA:18,33
DA:19,33
DA:20,0
DA:21,0
DA:22,0
DA:23,0
DA:24,0
DA:25,0
DA:28,0
DA:29,0
LF:22
LH:14
BRDA:4,1,0,7
BRDA:4,1,1,7
BRDA:12,2,0,33
BRDA:12,2,1,5
BRDA:19,3,0,0
BRDA:19,3,1,33
BRDA:23,4,0,0
BRDA:23,4,1,0
BRF:8
BRH:5
end_of_record
TN:
SF:/Users/xuduo/projects/misaka/trunk/push-server/lib/service/packetService.js
FN:7,PacketService
FN:12,(anonymous_2)
FN:27,(anonymous_3)
FN:31,(anonymous_4)
FN:47,(anonymous_5)
FN:51,(anonymous_6)
FNF:6
FNH:6
FNDA:14,PacketService
FNDA:26,(anonymous_2)
FNDA:13,(anonymous_3)
FNDA:13,(anonymous_4)
FNDA:13,(anonymous_5)
FNDA:13,(anonymous_6)
DA:1,1
DA:3,1
DA:5,1
DA:7,1
DA:8,14
DA:9,7
DA:12,1
DA:13,26
DA:14,26
DA:15,26
DA:16,26
DA:17,26
DA:18,26
DA:20,26
DA:21,26
DA:22,26
DA:27,1
DA:28,13
DA:29,13
DA:30,13
DA:31,13
DA:33,13
DA:34,13
DA:35,13
DA:36,13
DA:37,13
DA:38,13
DA:39,5
DA:41,13
DA:47,1
DA:48,13
DA:49,13
DA:50,13
DA:51,13
DA:53,13
DA:54,13
DA:55,0
DA:57,13
DA:58,13
DA:59,13
DA:60,5
DA:62,13
DA:64,13
DA:65,13
LF:44
LH:43
BRDA:8,1,0,7
BRDA:8,1,1,7
BRDA:13,2,0,26
BRDA:13,2,1,0
BRDA:16,3,0,26
BRDA:16,3,1,0
BRDA:16,4,0,26
BRDA:16,4,1,26
BRDA:17,5,0,26
BRDA:17,5,1,0
BRDA:28,6,0,13
BRDA:28,6,1,0
BRDA:34,7,0,13
BRDA:34,7,1,0
BRDA:38,8,0,5
BRDA:38,8,1,8
BRDA:48,9,0,13
BRDA:48,9,1,0
BRDA:54,10,0,0
BRDA:54,10,1,13
BRDA:59,11,0,5
BRDA:59,11,1,8
BRF:22
BRH:15
end_of_record
TN:
SF:/Users/xuduo/projects/misaka/trunk/push-server/lib/redis/uidStore.js
FN:4,UidStore
FN:9,(anonymous_2)
FN:13,(anonymous_3)
FN:26,(anonymous_4)
FN:30,(anonymous_5)
FN:39,(anonymous_6)
FN:40,(anonymous_7)
FN:47,(anonymous_8)
FN:48,(anonymous_9)
FNF:9
FNH:9
FNDA:14,UidStore
FNDA:3,(anonymous_2)
FNDA:3,(anonymous_3)
FNDA:1,(anonymous_4)
FNDA:1,(anonymous_5)
FNDA:16,(anonymous_6)
FNDA:16,(anonymous_7)
FNDA:12,(anonymous_8)
FNDA:12,(anonymous_9)
DA:1,1
DA:2,1
DA:4,1
DA:5,14
DA:6,7
DA:9,1
DA:10,3
DA:11,3
DA:12,3
DA:13,3
DA:14,3
DA:15,0
DA:16,0
DA:18,3
DA:19,3
DA:20,3
DA:22,3
DA:26,1
DA:27,1
DA:28,1
DA:29,1
DA:30,1
DA:31,1
DA:32,1
DA:33,1
DA:34,1
DA:39,1
DA:40,16
DA:42,16
DA:43,16
DA:47,1
DA:48,12
DA:49,12
DA:50,6
LF:34
LH:32
BRDA:5,1,0,7
BRDA:5,1,1,7
BRDA:14,2,0,0
BRDA:14,2,1,3
BRDA:19,3,0,3
BRDA:19,3,1,0
BRDA:31,4,0,1
BRDA:31,4,1,0
BRDA:49,5,0,6
BRDA:49,5,1,6
BRDA:49,6,0,12
BRDA:49,6,1,12
BRF:12
BRH:9
end_of_record
TN:
SF:/Users/xuduo/projects/misaka/trunk/push-server/lib/service/ttlService.js
FN:6,TTLService
FN:11,(anonymous_2)
FN:17,(anonymous_3)
FN:32,(anonymous_4)
FN:44,(anonymous_5)
FN:48,(anonymous_6)
FN:53,(anonymous_7)
FN:71,(anonymous_8)
FN:83,emitPacket
FNF:9
FNH:9
FNDA:14,TTLService
FNDA:13,(anonymous_2)
FNDA:104,(anonymous_3)
FNDA:6,(anonymous_4)
FNDA:16,(anonymous_5)
FNDA:14,(anonymous_6)
FNDA:6,(anonymous_7)
FNDA:2,(anonymous_8)
FNDA:3,emitPacket
DA:1,1
DA:3,1
DA:4,1
DA:6,1
DA:7,14
DA:8,7
DA:11,1
DA:12,13
DA:15,1
DA:17,1
DA:18,104
DA:19,6
DA:20,6
DA:22,6
DA:23,6
DA:24,6
DA:25,3
DA:27,6
DA:28,6
DA:29,6
DA:30,6
DA:31,6
DA:32,6
DA:33,6
DA:34,6
DA:35,6
DA:36,6
DA:37,6
DA:41,104
DA:44,1
DA:45,16
DA:46,14
DA:47,14
DA:48,14
DA:49,14
DA:50,3
DA:51,3
DA:52,3
DA:53,3
DA:54,6
DA:55,6
DA:56,6
DA:57,2
DA:58,2
DA:59,4
DA:60,1
DA:61,1
DA:65,3
DA:66,2
DA:69,3
DA:70,1
DA:71,1
DA:72,2
DA:73,2
DA:74,2
DA:83,1
DA:84,3
DA:85,3
DA:86,3
DA:87,3
DA:88,3
LF:61
LH:61
BRDA:7,1,0,7
BRDA:7,1,1,7
BRDA:18,2,0,6
BRDA:18,2,1,98
BRDA:19,3,0,6
BRDA:19,3,1,0
BRDA:24,4,0,3
BRDA:24,4,1,3
BRDA:36,5,0,6
BRDA:36,5,1,0
BRDA:45,6,0,14
BRDA:45,6,1,2
BRDA:45,7,0,16
BRDA:45,7,1,12
BRDA:49,8,0,3
BRDA:49,8,1,11
BRDA:49,9,0,14
BRDA:49,9,1,14
BRDA:56,10,0,2
BRDA:56,10,1,4
BRDA:59,11,0,1
BRDA:59,11,1,3
BRDA:59,12,0,4
BRDA:59,12,1,1
BRDA:65,13,0,2
BRDA:65,13,1,1
BRDA:69,14,0,1
BRDA:69,14,1,2
BRDA:73,15,0,2
BRDA:73,15,1,0
BRF:30
BRH:27
end_of_record
TN:
SF:/Users/xuduo/projects/misaka/trunk/push-server/lib/service/notificationService.js
FN:9,NotificationService
FN:16,(anonymous_2)
FN:26,(anonymous_3)
FN:40,(anonymous_4)
FN:41,(anonymous_5)
FN:50,(anonymous_6)
FN:53,(anonymous_7)
FN:54,(anonymous_8)
FN:65,(anonymous_9)
FN:74,addIdAndTimestamp
FNF:10
FNH:7
FNDA:16,NotificationService
FNDA:1,(anonymous_2)
FNDA:1,(anonymous_3)
FNDA:1,(anonymous_4)
FNDA:1,(anonymous_5)
FNDA:0,(anonymous_6)
FNDA:0,(anonymous_7)
FNDA:0,(anonymous_8)
FNDA:1,(anonymous_9)
FNDA:1,addIdAndTimestamp
DA:1,1
DA:3,1
DA:4,1
DA:5,1
DA:6,1
DA:7,1
DA:9,1
DA:10,16
DA:11,8
DA:12,8
DA:13,8
DA:16,1
DA:17,1
DA:18,1
DA:19,1
DA:20,1
DA:21,1
DA:22,1
DA:23,1
DA:24,1
DA:25,1
DA:26,1
DA:27,1
DA:28,1
DA:29,0
DA:30,0
DA:32,1
DA:33,1
DA:34,1
DA:35,1
DA:36,1
DA:40,1
DA:41,1
DA:42,1
DA:43,1
DA:44,1
DA:45,1
DA:47,1
DA:50,1
DA:51,0
DA:52,0
DA:53,0
DA:54,0
DA:55,0
DA:56,0
DA:57,0
DA:58,0
DA:59,0
DA:65,1
DA:66,1
DA:67,1
DA:68,1
DA:69,1
DA:71,1
DA:74,1
DA:75,1
DA:76,1
DA:78,1
DA:79,1
LF:59
LH:48
BRDA:10,1,0,8
BRDA:10,1,1,8
BRDA:18,2,0,1
BRDA:18,2,1,0
BRDA:18,3,0,1
BRDA:18,3,1,1
BRDA:18,3,2,1
BRDA:28,4,0,0
BRDA:28,4,1,1
BRDA:28,5,0,1
BRDA:28,5,1,1
BRDA:44,6,0,1
BRDA:44,6,1,0
BRDA:55,7,0,0
BRDA:55,7,1,0
BRDA:57,8,0,0
BRDA:57,8,1,0
BRDA:67,9,0,1
BRDA:67,9,1,0
BRDA:69,10,0,1
BRDA:69,10,1,1
BRDA:75,11,0,1
BRDA:75,11,1,0
BRDA:78,12,0,1
BRDA:78,12,1,0
BRF:25
BRH:15
end_of_record
TN:
SF:/Users/xuduo/projects/misaka/trunk/push-server/lib/server/proxyServer.js
FN:5,ProxyServer
FN:9,(anonymous_2)
FN:13,(anonymous_3)
FN:23,(anonymous_4)
FN:31,(anonymous_5)
FN:43,(anonymous_6)
FN:47,(anonymous_7)
FN:52,(anonymous_8)
FN:75,(anonymous_9)
FN:81,(anonymous_10)
FN:87,(anonymous_11)
FN:104,(anonymous_12)
FN:112,(anonymous_13)
FN:118,(anonymous_14)
FN:126,(anonymous_15)
FNF:15
FNH:10
FNDA:14,ProxyServer
FNDA:16,(anonymous_2)
FNDA:16,(anonymous_3)
FNDA:33,(anonymous_4)
FNDA:13,(anonymous_5)
FNDA:17,(anonymous_6)
FNDA:13,(anonymous_7)
FNDA:13,(anonymous_8)
FNDA:2,(anonymous_9)
FNDA:0,(anonymous_10)
FNDA:0,(anonymous_11)
FNDA:0,(anonymous_12)
FNDA:1,(anonymous_13)
FNDA:0,(anonymous_14)
FNDA:0,(anonymous_15)
DA:1,1
DA:2,1
DA:3,1
DA:5,1
DA:6,14
DA:7,7
DA:9,7
DA:11,16
DA:13,16
DA:14,16
DA:15,16
DA:16,16
DA:17,13
DA:18,13
DA:22,16
DA:23,16
DA:24,33
DA:25,0
DA:27,33
DA:28,33
DA:31,16
DA:32,13
DA:33,13
DA:34,13
DA:35,13
DA:37,13
DA:38,13
DA:39,13
DA:40,13
DA:42,13
DA:43,13
DA:44,17
DA:47,13
DA:48,13
DA:49,0
DA:50,0
DA:52,13
DA:53,13
DA:54,13
DA:55,5
DA:56,5
DA:58,13
DA:59,13
DA:60,13
DA:61,13
DA:62,13
DA:63,13
DA:64,13
DA:65,1
DA:68,13
DA:75,16
DA:76,2
DA:77,2
DA:78,2
DA:81,16
DA:82,0
DA:83,0
DA:84,0
DA:87,16
DA:88,0
DA:89,0
DA:90,0
DA:92,0
DA:93,0
DA:95,0
DA:96,0
DA:97,0
DA:99,0
DA:101,16
DA:102,16
DA:104,16
DA:105,0
DA:106,0
DA:107,0
DA:109,0
DA:112,16
DA:113,1
DA:114,1
DA:118,16
DA:119,0
DA:122,16
DA:126,1
DA:127,0
DA:128,0
DA:129,0
LF:85
LH:62
BRDA:6,1,0,7
BRDA:6,1,1,7
BRDA:16,2,0,13
BRDA:16,2,1,3
BRDA:24,3,0,0
BRDA:24,3,1,33
BRDA:32,4,0,13
BRDA:32,4,1,0
BRDA:32,5,0,13
BRDA:32,5,1,13
BRDA:34,6,0,13
BRDA:34,6,1,0
BRDA:39,7,0,13
BRDA:39,7,1,0
BRDA:42,8,0,13
BRDA:42,8,1,0
BRDA:42,9,0,13
BRDA:42,9,1,13
BRDA:48,10,0,0
BRDA:48,10,1,13
BRDA:54,11,0,5
BRDA:54,11,1,8
BRDA:63,12,0,13
BRDA:63,12,1,0
BRDA:89,13,0,0
BRDA:89,13,1,0
BRDA:92,14,0,0
BRDA:92,14,1,0
BRDA:95,15,0,0
BRDA:95,15,1,0
BRDA:106,16,0,0
BRDA:106,16,1,0
BRDA:113,17,0,1
BRDA:113,17,1,0
BRF:34
BRH:18
end_of_record
TN:
SF:/Users/xuduo/projects/misaka/trunk/push-server/lib/api/apiThreshold.js
FN:4,ApiThreshold
FN:10,(anonymous_2)
FN:15,(anonymous_3)
FN:27,(anonymous_4)
FN:46,doPush
FNF:5
FNH:3
FNDA:14,ApiThreshold
FNDA:6,(anonymous_2)
FNDA:0,(anonymous_3)
FNDA:0,(anonymous_4)
FNDA:6,doPush
DA:1,1
DA:2,1
DA:4,1
DA:5,14
DA:6,7
DA:7,7
DA:10,1
DA:11,6
DA:12,6
DA:13,6
DA:14,0
DA:15,0
DA:16,0
DA:17,0
DA:18,0
DA:20,0
DA:23,6
DA:27,1
DA:28,0
DA:29,0
DA:30,0
DA:32,0
DA:33,0
DA:34,0
DA:35,0
DA:37,0
DA:38,0
DA:39,0
DA:40,0
DA:41,0
DA:46,1
DA:47,6
DA:48,0
DA:49,0
DA:50,0
DA:52,6
LF:36
LH:15
BRDA:5,1,0,7
BRDA:5,1,1,7
BRDA:13,2,0,0
BRDA:13,2,1,6
BRDA:16,3,0,0
BRDA:16,3,1,0
BRDA:16,4,0,0
BRDA:16,4,1,0
BRDA:28,5,0,0
BRDA:28,5,1,0
BRDA:47,6,0,0
BRDA:47,6,1,6
BRDA:47,7,0,6
BRDA:47,7,1,6
BRF:14
BRH:6
end_of_record
TN:
SF:/Users/xuduo/projects/misaka/trunk/push-server/lib/server/adminCommand.js
FN:4,AdminCommand
FN:7,(anonymous_2)
FNF:2
FNH:2
FNDA:14,AdminCommand
FNDA:19,(anonymous_2)
DA:1,1
DA:2,1
DA:4,1
DA:5,14
DA:7,7
DA:8,19
DA:9,0
DA:10,0
DA:11,0
DA:12,0
DA:13,0
DA:14,0
DA:15,0
DA:16,0
DA:17,0
DA:18,0
DA:19,0
DA:20,0
DA:21,0
DA:23,0
DA:24,0
DA:28,7
LF:22
LH:7
BRDA:5,1,0,7
BRDA:5,1,1,7
BRDA:8,2,0,0
BRDA:8,2,1,19
BRDA:11,3,0,0
BRDA:11,3,1,0
BRDA:14,4,0,0
BRDA:14,4,1,0
BRDA:16,5,0,0
BRDA:16,5,1,0
BRDA:18,6,0,0
BRDA:18,6,1,0
BRDA:20,7,0,0
BRDA:20,7,1,0
BRDA:23,8,0,0
BRDA:23,8,1,0
BRF:16
BRH:3
end_of_record
TN:
SF:/Users/xuduo/projects/misaka/trunk/push-server/lib/service/notificationProviderFactory.js
FN:5,NotificationProviderFactory
FN:10,(anonymous_2)
FN:14,(anonymous_3)
FN:22,(anonymous_4)
FN:30,(anonymous_5)
FNF:5
FNH:4
FNDA:12,NotificationProviderFactory
FNDA:15,(anonymous_2)
FNDA:1,(anonymous_3)
FNDA:0,(anonymous_4)
FNDA:1,(anonymous_5)
DA:1,1
DA:3,1
DA:5,1
DA:6,12
DA:7,6
DA:10,1
DA:11,15
DA:14,1
DA:15,1
DA:16,1
DA:17,1
DA:18,0
DA:22,1
DA:23,0
DA:24,0
DA:25,0
DA:26,0
DA:30,1
DA:31,1
DA:32,3
DA:33,3
LF:21
LH:16
BRDA:6,1,0,6
BRDA:6,1,1,6
BRDA:15,2,0,1
BRDA:15,2,1,0
BRDA:17,3,0,0
BRDA:17,3,1,1
BRDA:23,4,0,0
BRDA:23,4,1,0
BRDA:25,5,0,0
BRDA:25,5,1,0
BRF:10
BRH:4
end_of_record
TN:
SF:/Users/xuduo/projects/misaka/trunk/push-server/lib/service/apnProvider.js
FN:10,ApnProvider
FN:21,(anonymous_2)
FN:24,(anonymous_3)
FN:30,(anonymous_4)
FN:44,(anonymous_5)
FN:56,(anonymous_6)
FN:67,(anonymous_7)
FN:74,(anonymous_8)
FN:77,(anonymous_9)
FN:78,(anonymous_10)
FN:86,(anonymous_11)
FN:122,(anonymous_12)
FN:127,(anonymous_13)
FN:128,(anonymous_14)
FN:140,(anonymous_15)
FN:149,(anonymous_16)
FN:150,(anonymous_17)
FN:159,toApnNotification
FNF:18
FNH:7
FNDA:10,ApnProvider
FNDA:10,(anonymous_2)
FNDA:0,(anonymous_3)
FNDA:0,(anonymous_4)
FNDA:0,(anonymous_5)
FNDA:0,(anonymous_6)
FNDA:0,(anonymous_7)
FNDA:0,(anonymous_8)
FNDA:0,(anonymous_9)
FNDA:0,(anonymous_10)
FNDA:2,(anonymous_11)
FNDA:1,(anonymous_12)
FNDA:0,(anonymous_13)
FNDA:0,(anonymous_14)
FNDA:0,(anonymous_15)
FNDA:2,(anonymous_16)
FNDA:2,(anonymous_17)
FNDA:1,toApnNotification
DA:1,1
DA:3,1
DA:5,1
DA:6,1
DA:7,1
DA:8,1
DA:10,1
DA:11,10
DA:12,5
DA:13,5
DA:14,5
DA:15,5
DA:16,5
DA:17,5
DA:18,5
DA:19,5
DA:21,5
DA:22,10
DA:23,10
DA:24,10
DA:25,0
DA:26,0
DA:27,0
DA:28,0
DA:29,0
DA:30,0
DA:31,0
DA:32,0
DA:33,0
DA:34,0
DA:38,0
DA:41,10
DA:42,10
DA:43,10
DA:44,10
DA:45,0
DA:47,10
DA:50,5
DA:51,5
DA:52,5
DA:56,1
DA:57,0
DA:58,0
DA:59,0
DA:60,0
DA:61,0
DA:62,0
DA:63,0
DA:67,1
DA:68,0
DA:69,0
DA:70,0
DA:74,1
DA:75,0
DA:76,0
DA:77,0
DA:78,0
DA:79,0
DA:80,0
DA:86,1
DA:87,2
DA:88,2
DA:89,2
DA:90,2
DA:91,2
DA:92,0
DA:93,0
DA:94,0
DA:95,0
DA:96,0
DA:97,0
DA:99,0
DA:103,2
DA:104,0
DA:105,0
DA:106,0
DA:107,0
DA:109,0
DA:113,2
DA:114,0
DA:115,0
DA:116,0
DA:120,1
DA:122,1
DA:123,1
DA:124,1
DA:125,1
DA:126,0
DA:127,0
DA:128,0
DA:129,0
DA:130,0
DA:131,0
DA:132,0
DA:141,0
DA:142,0
DA:148,1
DA:149,1
DA:150,2
DA:151,2
DA:152,2
DA:159,1
DA:160,1
DA:161,1
DA:162,1
DA:164,1
DA:165,1
DA:166,1
DA:167,1
DA:169,0
DA:173,1
DA:174,1
DA:175,0
DA:177,1
DA:179,1
DA:180,1
DA:181,1
DA:183,0
DA:185,1
LF:119
LH:64
BRDA:11,1,0,5
BRDA:11,1,1,5
BRDA:22,2,0,10
BRDA:22,2,1,0
BRDA:25,3,0,0
BRDA:25,3,1,0
BRDA:25,4,0,0
BRDA:25,4,1,0
BRDA:32,5,0,0
BRDA:32,5,1,0
BRDA:59,6,0,0
BRDA:59,6,1,0
BRDA:69,7,0,0
BRDA:69,7,1,0
BRDA:69,8,0,0
BRDA:69,8,1,0
BRDA:79,9,0,0
BRDA:79,9,1,0
BRDA:89,10,0,2
BRDA:89,10,1,0
BRDA:91,11,0,0
BRDA:91,11,1,2
BRDA:95,12,0,0
BRDA:95,12,1,0
BRDA:105,13,0,0
BRDA:105,13,1,0
BRDA:113,14,0,0
BRDA:113,14,1,2
BRDA:125,15,0,0
BRDA:125,15,1,1
BRDA:141,16,0,0
BRDA:141,16,1,0
BRDA:141,17,0,0
BRDA:141,17,1,0
BRDA:142,18,0,0
BRDA:142,18,1,0
BRDA:151,19,0,2
BRDA:151,19,1,0
BRDA:161,20,0,1
BRDA:161,20,1,0
BRDA:164,21,0,1
BRDA:164,21,1,0
BRDA:166,22,0,1
BRDA:166,22,1,0
BRDA:174,23,0,0
BRDA:174,23,1,1
BRDA:180,24,0,1
BRDA:180,24,1,0
BRF:48
BRH:13
end_of_record
TN:
SF:/Users/xuduo/projects/misaka/trunk/push-server/lib/service/huaweiProvider.js
FN:10,HuaweiProvider
FN:19,(anonymous_2)
FN:21,(anonymous_3)
FN:27,(anonymous_4)
FN:36,(anonymous_5)
FN:60,(anonymous_6)
FN:64,(anonymous_7)
FN:66,(anonymous_8)
FN:72,(anonymous_9)
FN:81,(anonymous_10)
FN:96,(anonymous_11)
FN:110,formatHuaweiDate
FN:113,(anonymous_13)
FNF:13
FNH:12
FNDA:12,HuaweiProvider
FNDA:1,(anonymous_2)
FNDA:1,(anonymous_3)
FNDA:1,(anonymous_4)
FNDA:3,(anonymous_5)
FNDA:0,(anonymous_6)
FNDA:2,(anonymous_7)
FNDA:2,(anonymous_8)
FNDA:2,(anonymous_9)
FNDA:3,(anonymous_10)
FNDA:2,(anonymous_11)
FNDA:2,formatHuaweiDate
FNDA:14,(anonymous_13)
DA:1,1
DA:3,1
DA:5,1
DA:6,1
DA:7,1
DA:8,1
DA:10,1
DA:11,12
DA:12,6
DA:13,6
DA:14,6
DA:15,6
DA:16,6
DA:19,1
DA:20,1
DA:21,1
DA:22,1
DA:23,1
DA:24,1
DA:28,1
DA:29,1
DA:30,1
DA:36,1
DA:37,3
DA:50,3
DA:51,1
DA:53,3
DA:54,2
DA:55,2
DA:57,3
DA:60,1
DA:64,1
DA:65,2
DA:66,2
DA:67,2
DA:68,2
DA:69,2
DA:73,2
DA:74,2
DA:75,1
DA:81,1
DA:82,3
DA:83,3
DA:84,1
DA:85,1
DA:86,1
DA:88,2
DA:89,2
DA:97,2
DA:98,2
DA:99,2
DA:100,2
DA:101,2
DA:102,2
DA:104,0
DA:110,1
DA:111,2
DA:114,14
DA:115,14
DA:117,2
LF:60
LH:59
BRDA:11,1,0,6
BRDA:11,1,1,6
BRDA:29,2,0,1
BRDA:29,2,1,0
BRDA:29,3,0,1
BRDA:29,3,1,1
BRDA:29,3,2,1
BRDA:50,4,0,1
BRDA:50,4,1,2
BRDA:50,5,0,3
BRDA:50,5,1,1
BRDA:53,6,0,2
BRDA:53,6,1,1
BRDA:74,7,0,1
BRDA:74,7,1,1
BRDA:74,8,0,2
BRDA:74,8,1,2
BRDA:74,8,2,2
BRDA:83,9,0,1
BRDA:83,9,1,2
BRDA:83,10,0,3
BRDA:83,10,1,1
BRDA:97,11,0,2
BRDA:97,11,1,0
BRDA:97,12,0,2
BRDA:97,12,1,2
BRDA:112,13,0,2
BRDA:112,13,1,0
BRDA:115,14,0,6
BRDA:115,14,1,8
BRF:30
BRH:27
end_of_record
TN:
SF:/Users/xuduo/projects/misaka/trunk/push-server/lib/service/xiaomiProvider.js
FN:10,XiaomiProvider
FN:19,(anonymous_2)
FN:24,(anonymous_3)
FN:35,(anonymous_4)
FN:53,(anonymous_5)
FN:57,(anonymous_6)
FN:62,(anonymous_7)
FNF:7
FNH:6
FNDA:14,XiaomiProvider
FNDA:1,(anonymous_2)
FNDA:1,(anonymous_3)
FNDA:3,(anonymous_4)
FNDA:0,(anonymous_5)
FNDA:2,(anonymous_6)
FNDA:2,(anonymous_7)
DA:1,1
DA:3,1
DA:5,1
DA:6,1
DA:7,1
DA:8,1
DA:10,1
DA:11,14
DA:12,7
DA:15,7
DA:16,7
DA:19,1
DA:20,1
DA:25,1
DA:26,1
DA:27,1
DA:28,1
DA:29,1
DA:35,1
DA:36,3
DA:37,3
DA:44,3
DA:45,1
DA:47,3
DA:48,2
DA:50,3
DA:53,1
DA:57,1
DA:58,2
DA:63,2
DA:64,2
DA:65,1
DA:66,1
DA:67,1
LF:34
LH:34
BRDA:11,1,0,7
BRDA:11,1,1,7
BRDA:16,2,0,7
BRDA:16,2,1,7
BRDA:26,3,0,1
BRDA:26,3,1,0
BRDA:26,4,0,1
BRDA:26,4,1,1
BRDA:26,4,2,1
BRDA:28,5,0,1
BRDA:28,5,1,0
BRDA:44,6,0,1
BRDA:44,6,1,2
BRDA:44,7,0,3
BRDA:44,7,1,1
BRDA:47,8,0,2
BRDA:47,8,1,1
BRDA:64,9,0,1
BRDA:64,9,1,1
BRDA:64,10,0,2
BRDA:64,10,1,2
BRDA:64,10,2,2
BRDA:66,11,0,1
BRDA:66,11,1,0
BRF:24
BRH:21
end_of_record
TN:
SF:/Users/xuduo/projects/misaka/trunk/push-server/lib/api/restApi.js
FN:5,RestApi
FN:20,(anonymous_2)
FN:55,(anonymous_3)
FN:93,(anonymous_4)
FN:104,(anonymous_5)
FN:110,(anonymous_6)
FN:111,(anonymous_7)
FN:112,(anonymous_8)
FN:126,(anonymous_9)
FN:159,(anonymous_10)
FN:160,(anonymous_11)
FN:172,(anonymous_12)
FN:173,(anonymous_13)
FN:179,(anonymous_14)
FN:181,(anonymous_15)
FN:187,(anonymous_16)
FN:195,(anonymous_17)
FN:196,(anonymous_18)
FN:203,(anonymous_19)
FN:221,(anonymous_20)
FN:233,(anonymous_21)
FN:239,(anonymous_22)
FN:260,(anonymous_23)
FN:265,(anonymous_24)
FN:271,(anonymous_25)
FN:272,(anonymous_26)
FN:278,(anonymous_27)
FN:279,(anonymous_28)
FN:286,(anonymous_29)
FN:292,(anonymous_30)
FN:293,(anonymous_31)
FN:299,(anonymous_32)
FN:300,(anonymous_33)
FN:302,(anonymous_34)
FN:310,(anonymous_35)
FN:311,(anonymous_36)
FN:315,(anonymous_37)
FN:323,(anonymous_38)
FN:335,(anonymous_39)
FN:344,(anonymous_40)
FN:350,(anonymous_41)
FN:354,parseArrayParam
FNF:42
FNH:12
FNDA:10,RestApi
FNDA:0,(anonymous_2)
FNDA:23,(anonymous_3)
FNDA:6,(anonymous_4)
FNDA:12,(anonymous_5)
FNDA:12,(anonymous_6)
FNDA:6,(anonymous_7)
FNDA:84,(anonymous_8)
FNDA:1,(anonymous_9)
FNDA:0,(anonymous_10)
FNDA:0,(anonymous_11)
FNDA:0,(anonymous_12)
FNDA:0,(anonymous_13)
FNDA:0,(anonymous_14)
FNDA:0,(anonymous_15)
FNDA:3,(anonymous_16)
FNDA:0,(anonymous_17)
FNDA:0,(anonymous_18)
FNDA:0,(anonymous_19)
FNDA:0,(anonymous_20)
FNDA:0,(anonymous_21)
FNDA:0,(anonymous_22)
FNDA:0,(anonymous_23)
FNDA:0,(anonymous_24)
FNDA:0,(anonymous_25)
FNDA:0,(anonymous_26)
FNDA:0,(anonymous_27)
FNDA:0,(anonymous_28)
FNDA:0,(anonymous_29)
FNDA:0,(anonymous_30)
FNDA:0,(anonymous_31)
FNDA:0,(anonymous_32)
FNDA:0,(anonymous_33)
FNDA:0,(anonymous_34)
FNDA:0,(anonymous_35)
FNDA:0,(anonymous_36)
FNDA:0,(anonymous_37)
FNDA:0,(anonymous_38)
FNDA:0,(anonymous_39)
FNDA:5,(anonymous_40)
FNDA:5,(anonymous_41)
FNDA:14,parseArrayParam
DA:1,1
DA:2,1
DA:3,1
DA:5,1
DA:7,10
DA:9,5
DA:11,5
DA:13,5
DA:18,5
DA:20,5
DA:21,0
DA:22,0
DA:23,0
DA:24,0
DA:26,0
DA:30,5
DA:31,5
DA:32,5
DA:34,5
DA:39,5
DA:41,5
DA:43,5
DA:45,5
DA:47,5
DA:49,5
DA:51,5
DA:53,5
DA:55,5
DA:56,23
DA:57,2
DA:58,2
DA:59,2
DA:60,2
DA:62,21
DA:63,21
DA:65,21
DA:66,0
DA:67,0
DA:68,0
DA:71,21
DA:72,21
DA:73,21
DA:74,0
DA:75,0
DA:76,0
DA:78,21
DA:79,21
DA:80,21
DA:81,14
DA:83,21
DA:84,19
DA:86,21
DA:87,7
DA:90,21
DA:92,21
DA:93,6
DA:94,6
DA:95,6
DA:96,6
DA:98,0
DA:99,0
DA:102,6
DA:103,15
DA:104,8
DA:105,12
DA:107,8
DA:108,8
DA:109,7
DA:110,6
DA:111,12
DA:112,6
DA:113,84
DA:117,6
DA:118,6
DA:120,1
DA:121,1
DA:122,1
DA:126,5
DA:127,1
DA:128,0
DA:129,0
DA:130,0
DA:131,0
DA:133,1
DA:134,1
DA:135,0
DA:136,0
DA:137,0
DA:140,1
DA:141,1
DA:142,1
DA:143,1
DA:145,1
DA:147,1
DA:148,1
DA:149,1
DA:150,1
DA:151,1
DA:152,0
DA:153,0
DA:154,0
DA:155,0
DA:156,0
DA:157,0
DA:158,0
DA:159,0
DA:160,0
DA:161,0
DA:164,0
DA:166,0
DA:167,0
DA:168,0
DA:172,5
DA:173,0
DA:174,0
DA:176,0
DA:179,5
DA:180,0
DA:181,0
DA:182,0
DA:184,0
DA:187,5
DA:188,3
DA:189,3
DA:190,3
DA:191,3
DA:192,3
DA:195,5
DA:196,0
DA:197,0
DA:198,0
DA:200,0
DA:203,5
DA:204,0
DA:205,0
DA:206,0
DA:209,5
DA:210,5
DA:211,5
DA:212,5
DA:213,5
DA:214,5
DA:215,5
DA:216,5
DA:217,5
DA:218,5
DA:219,5
DA:221,5
DA:222,0
DA:223,0
DA:224,0
DA:225,0
DA:227,0
DA:228,0
DA:229,0
DA:230,0
DA:231,0
DA:233,0
DA:234,0
DA:236,0
DA:239,5
DA:240,0
DA:255,0
DA:256,0
DA:257,0
DA:260,5
DA:261,0
DA:262,0
DA:265,5
DA:266,0
DA:267,0
DA:268,0
DA:271,5
DA:272,0
DA:273,0
DA:275,0
DA:278,5
DA:279,0
DA:280,0
DA:282,0
DA:286,5
DA:287,0
DA:288,0
DA:289,0
DA:292,5
DA:293,0
DA:294,0
DA:296,0
DA:299,5
DA:300,0
DA:301,0
DA:302,0
DA:303,0
DA:305,0
DA:307,0
DA:310,5
DA:311,0
DA:312,0
DA:315,0
DA:316,0
DA:318,0
DA:320,0
DA:323,5
DA:324,0
DA:325,0
DA:326,0
DA:330,0
DA:331,0
DA:332,0
DA:335,5
DA:336,0
DA:341,0
DA:344,5
DA:345,5
DA:350,1
DA:351,5
DA:354,1
DA:355,14
DA:356,14
DA:357,10
DA:358,2
DA:360,8
DA:362,4
DA:363,2
DA:366,2
DA:368,14
LF:226
LH:125
BRDA:7,1,0,5
BRDA:7,1,1,5
BRDA:56,2,0,2
BRDA:56,2,1,21
BRDA:56,3,0,23
BRDA:56,3,1,23
BRDA:65,4,0,0
BRDA:65,4,1,21
BRDA:65,5,0,21
BRDA:65,5,1,2
BRDA:73,6,0,0
BRDA:73,6,1,21
BRDA:73,7,0,21
BRDA:73,7,1,7
BRDA:80,8,0,14
BRDA:80,8,1,7
BRDA:83,9,0,19
BRDA:83,9,1,2
BRDA:86,10,0,7
BRDA:86,10,1,14
BRDA:92,11,0,6
BRDA:92,11,1,15
BRDA:94,12,0,6
BRDA:94,12,1,0
BRDA:103,13,0,8
BRDA:103,13,1,7
BRDA:109,14,0,6
BRDA:109,14,1,1
BRDA:127,15,0,0
BRDA:127,15,1,1
BRDA:127,16,0,1
BRDA:127,16,1,1
BRDA:134,17,0,0
BRDA:134,17,1,1
BRDA:147,18,0,1
BRDA:147,18,1,0
BRDA:152,19,0,0
BRDA:152,19,1,0
BRDA:157,20,0,0
BRDA:157,20,1,0
BRDA:222,21,0,0
BRDA:222,21,1,0
BRDA:228,22,0,0
BRDA:228,22,1,0
BRDA:356,23,0,10
BRDA:356,23,1,4
BRDA:357,24,0,2
BRDA:357,24,1,8
BRDA:362,25,0,2
BRDA:362,25,1,2
BRF:50
BRH:36
end_of_record
TN:
SF:/Users/xuduo/projects/misaka/trunk/push-server/lib/client/push-client.js
FN:9,PushClient
FN:31,(anonymous_2)
FN:36,(anonymous_3)
FN:41,(anonymous_4)
FN:57,(anonymous_5)
FN:62,(anonymous_6)
FN:67,(anonymous_7)
FN:74,(anonymous_8)
FN:87,(anonymous_9)
FN:101,(anonymous_10)
FN:105,(anonymous_11)
FN:109,(anonymous_12)
FN:114,(anonymous_13)
FN:128,(anonymous_14)
FN:134,(anonymous_15)
FN:139,(anonymous_16)
FN:144,(anonymous_17)
FN:149,(anonymous_18)
FNF:18
FNH:17
FNDA:10,PushClient
FNDA:13,(anonymous_2)
FNDA:16,(anonymous_3)
FNDA:13,(anonymous_4)
FNDA:17,(anonymous_5)
FNDA:8,(anonymous_6)
FNDA:5,(anonymous_7)
FNDA:13,(anonymous_8)
FNDA:20,(anonymous_9)
FNDA:1,(anonymous_10)
FNDA:6,(anonymous_11)
FNDA:5,(anonymous_12)
FNDA:18,(anonymous_13)
FNDA:2,(anonymous_14)
FNDA:19,(anonymous_15)
FNDA:1,(anonymous_16)
FNDA:1,(anonymous_17)
FNDA:0,(anonymous_18)
DA:1,1
DA:2,1
DA:3,1
DA:4,1
DA:5,1
DA:6,1
DA:7,1
DA:9,1
DA:10,10
DA:11,5
DA:12,5
DA:13,0
DA:15,5
DA:16,5
DA:17,5
DA:18,5
DA:19,5
DA:20,5
DA:21,1
DA:23,4
DA:24,4
DA:25,4
DA:28,5
DA:30,5
DA:31,5
DA:32,13
DA:33,13
DA:36,5
DA:37,16
DA:38,16
DA:41,5
DA:42,13
DA:43,13
DA:46,5
DA:48,5
DA:49,5
DA:50,5
DA:51,5
DA:52,5
DA:57,1
DA:58,17
DA:62,1
DA:63,8
DA:67,1
DA:68,5
DA:69,1
DA:74,1
DA:75,13
DA:76,13
DA:77,13
DA:87,1
DA:88,20
DA:89,20
DA:90,20
DA:91,20
DA:92,20
DA:93,5
DA:94,3
DA:95,2
DA:96,2
DA:101,1
DA:102,1
DA:105,1
DA:106,6
DA:109,1
DA:110,5
DA:114,1
DA:115,18
DA:116,18
DA:117,18
DA:118,12
DA:120,6
DA:122,18
DA:123,18
DA:124,18
DA:125,18
DA:128,1
DA:129,2
DA:130,2
DA:131,2
DA:134,1
DA:135,19
DA:136,19
DA:139,1
DA:140,1
DA:141,1
DA:144,1
DA:145,1
DA:146,1
DA:149,1
DA:150,0
DA:151,0
LF:92
LH:89
BRDA:10,1,0,5
BRDA:10,1,1,5
BRDA:12,2,0,0
BRDA:12,2,1,5
BRDA:20,3,0,1
BRDA:20,3,1,4
BRDA:24,4,0,4
BRDA:24,4,1,0
BRDA:50,5,0,5
BRDA:50,5,1,0
BRDA:68,6,0,1
BRDA:68,6,1,4
BRDA:68,7,0,5
BRDA:68,7,1,4
BRDA:88,8,0,20
BRDA:88,8,1,15
BRDA:89,9,0,20
BRDA:89,9,1,15
BRDA:90,10,0,20
BRDA:90,10,1,17
BRDA:92,11,0,5
BRDA:92,11,1,15
BRDA:92,12,0,20
BRDA:92,12,1,5
BRDA:93,13,0,3
BRDA:93,13,1,2
BRDA:95,14,0,2
BRDA:95,14,1,0
BRDA:95,15,0,2
BRDA:95,15,1,2
BRDA:116,16,0,18
BRDA:116,16,1,6
BRDA:117,17,0,12
BRDA:117,17,1,6
BRDA:122,18,0,18
BRDA:122,18,1,1
BRDA:122,18,2,1
BRF:37
BRH:33
end_of_record
TN:
SF:/Users/xuduo/projects/misaka/trunk/push-server/lib/client/localStorage.js
FN:3,LocalStorage
FN:9,(anonymous_2)
FN:14,(anonymous_3)
FNF:3
FNH:3
FNDA:2,LocalStorage
FNDA:17,(anonymous_2)
FNDA:8,(anonymous_3)
DA:1,1
DA:3,1
DA:4,2
DA:5,1
DA:9,1
DA:10,17
DA:14,1
DA:15,8
LF:8
LH:8
BRDA:4,1,0,1
BRDA:4,1,1,1
BRF:2
BRH:2
end_of_record
